[2020-01-14 13:17:18] slim-app.INFO: Slim-Skeleton '/' route [] {"uid":"1fb48e5"}
[2020-01-14 13:18:04] slim-app.INFO: Slim-Skeleton '/' route [] {"uid":"09bd835"}
[2020-01-14 13:20:36] slim-app.INFO: Slim-Skeleton '/' route [] {"uid":"5dd1aff"}
[2020-01-14 13:35:17] slim-app.INFO: Slim-Skeleton '/' route [] {"uid":"01adbc6"}
[2020-01-15 12:54:18] slim-app.INFO: Slim-Skeleton '/' route [] {"uid":"8b63903"}
[2020-01-15 12:54:35] slim-app.INFO: Slim-Skeleton '/' route [] {"uid":"e6c2b81"}
[2020-01-15 15:46:02] slim-app.INFO: Slim-Skeleton '/' route [] {"uid":"3394f96"}
[2020-01-15 15:57:14] slim-app.INFO: Slim-Skeleton '/' route [] {"uid":"557fa63"}
[2020-01-15 15:59:25] slim-app.INFO: Slim-Skeleton '/' route [] {"uid":"5bfcc0c"}
[2020-01-17 16:42:46] slim-app.INFO: Slim-Skeleton '/' route [] {"uid":"89fc85e"}
[2020-01-20 22:29:21] slim-app.INFO: Slim-Skeleton '/' route [] {"uid":"21bc456"}
[2020-01-21 01:19:51] slim-app.INFO: Slim-Skeleton '/' route [] {"uid":"7fb3ed4"}
[2020-01-21 01:20:11] slim-app.INFO: Slim-Skeleton '/' route [] {"uid":"bafadda"}
[2020-01-21 01:20:21] slim-app.INFO: Slim-Skeleton '/' route [] {"uid":"6b5dc51"}
[2020-01-21 01:20:27] slim-app.INFO: Slim-Skeleton '/' route [] {"uid":"158502f"}
[2020-01-21 01:20:37] slim-app.INFO: Slim-Skeleton '/' route [] {"uid":"6b301f5"}
[2020-01-21 02:48:05] slim-app.INFO: Slim-Skeleton '/' route [] {"uid":"a12f169"}
[2020-01-21 03:08:44] slim-app.INFO: Slim-Skeleton '/' route [] {"uid":"cbfa4e8"}
[2020-01-21 16:00:29] slim-app.INFO: Slim-Skeleton '/' route [] {"uid":"59fc6c3"}
[2020-01-21 16:36:30] slim-app.INFO: Slim-Skeleton '/' route [] {"uid":"1aea66c"}
[2020-01-21 16:37:14] slim-app.INFO: Slim-Skeleton '/' route [] {"uid":"b9e269b"}
[2020-01-21 16:37:51] slim-app.INFO: Slim-Skeleton '/' route [] {"uid":"7fdffe3"}
[2020-01-21 16:47:11] slim-app.INFO: Slim-Skeleton '/' route [] {"uid":"88216bf"}
[2020-01-21 16:52:13] slim-app.INFO: Slim-Skeleton '/' route [] {"uid":"9c7b0d5"}
[2020-01-21 17:02:33] slim-app.INFO: Slim-Skeleton '/' route [] {"uid":"b1e29cd"}
[2020-01-22 17:59:05] slim-app.INFO: Slim-Skeleton '/' route [] {"uid":"6362371"}
[2020-01-30 02:57:23] slim-app.INFO: Slim-Skeleton '/' route [] {"uid":"cb865f7"}
[2020-01-30 03:10:17] slim-app.INFO: Slim-Skeleton '/' route [] {"uid":"6ec5ab3"}
[2020-01-30 03:10:18] slim-app.INFO: Slim-Skeleton '/' route [] {"uid":"ee8513f"}
[2020-01-30 03:11:05] slim-app.INFO: Slim-Skeleton '/' route [] {"uid":"28e8f1b"}
[2020-01-30 03:11:40] slim-app.INFO: Slim-Skeleton '/' route [] {"uid":"6739e26"}
[2020-01-30 03:41:55] slim-app.INFO: Slim-Skeleton '/' route [] {"uid":"a676a46"}
[2020-01-30 03:45:16] slim-app.INFO: Slim-Skeleton '/' route [] {"uid":"bd21d9a"}
[2020-01-30 03:45:17] slim-app.INFO: Slim-Skeleton '/' route [] {"uid":"b7d2416"}
[2020-01-30 04:03:34] slim-app.INFO: Slim-Skeleton '/' route [] {"uid":"89e2dad"}
[2020-01-30 04:03:37] slim-app.INFO: Slim-Skeleton '/' route [] {"uid":"cf3e79d"}
[2020-01-30 04:06:42] slim-app.INFO: Slim-Skeleton '/' route [] {"uid":"970a3aa"}
[2020-01-30 04:16:19] slim-app.INFO: Slim-Skeleton '/' route [] {"uid":"f8dffe3"}
[2020-01-30 04:16:20] slim-app.INFO: Slim-Skeleton '/' route [] {"uid":"e409713"}
[2020-01-30 04:22:07] slim-app.INFO: Slim-Skeleton '/' route [] {"uid":"5cdbf83"}
[2020-01-30 04:23:01] slim-app.INFO: Slim-Skeleton '/' route [] {"uid":"2898cbe"}
[2020-01-30 04:23:03] slim-app.INFO: Slim-Skeleton '/' route [] {"uid":"0f9c889"}
[2020-01-30 04:26:06] slim-app.INFO: Slim-Skeleton '/' route [] {"uid":"e03ea2e"}
[2020-01-30 04:26:43] slim-app.INFO: Slim-Skeleton '/' route [] {"uid":"89e11d0"}
[2020-01-30 04:27:39] slim-app.INFO: Slim-Skeleton '/' route [] {"uid":"43b0545"}
[2020-01-30 04:27:55] slim-app.INFO: Slim-Skeleton '/' route [] {"uid":"b49b176"}
[2020-01-30 04:32:10] slim-app.INFO: Slim-Skeleton '/' route [] {"uid":"fa7a053"}
[2020-01-30 04:39:16] slim-app.INFO: Slim-Skeleton '/' route [] {"uid":"9fed82c"}
[2020-01-30 04:39:17] slim-app.INFO: Slim-Skeleton '/' route [] {"uid":"3e982a0"}
[2020-01-30 04:40:03] slim-app.INFO: Slim-Skeleton '/' route [] {"uid":"297834c"}
[2020-01-30 04:51:35] slim-app.INFO: Slim-Skeleton '/' route [] {"uid":"e887ad6"}
[2020-01-30 04:56:20] slim-app.INFO: Slim-Skeleton '/' route [] {"uid":"8b22ec4"}
[2020-01-30 04:58:28] slim-app.INFO: Slim-Skeleton '/' route [] {"uid":"8583879"}
[2020-01-30 04:58:29] slim-app.INFO: Slim-Skeleton '/' route [] {"uid":"6302322"}
[2020-01-30 04:58:47] slim-app.INFO: Slim-Skeleton '/' route [] {"uid":"0f4bf80"}
[2020-01-30 04:59:47] slim-app.INFO: Slim-Skeleton '/' route [] {"uid":"1dd34c6"}
[2020-01-30 05:43:22] slim-app.INFO: Slim-Skeleton '/' route [] {"uid":"fa2b050"}
[2020-01-30 05:43:23] slim-app.INFO: Slim-Skeleton '/' route [] {"uid":"029ab3a"}
[2020-01-30 05:43:24] slim-app.INFO: Slim-Skeleton '/' route [] {"uid":"4424ada"}
[2020-01-30 05:54:05] slim-app.INFO: Slim-Skeleton '/' route [] {"uid":"9efcadf"}
[2020-01-30 05:54:06] slim-app.INFO: Slim-Skeleton '/' route [] {"uid":"1afb2d9"}
[2020-01-30 07:59:39] slim-app.INFO: Slim-Skeleton '/' route [] {"uid":"cd3014a"}
[2020-01-30 08:32:26] slim-app.INFO: Slim-Skeleton '/' route [] {"uid":"851f1eb"}
[2020-01-30 12:25:13] slim-app.INFO: Slim-Skeleton '/' route [] {"uid":"d823353"}
[2020-01-30 12:25:16] slim-app.INFO: Slim-Skeleton '/' route [] {"uid":"eb01e71"}
[2020-01-30 13:13:41] slim-app.INFO: Slim-Skeleton '/' route [] {"uid":"29a847d"}
[2020-01-30 15:27:25] slim-app.INFO: Slim-Skeleton '/' route [] {"uid":"4275cc1"}
[2020-01-30 15:27:49] slim-app.INFO: Slim-Skeleton '/' route [] {"uid":"26c866d"}
[2020-01-30 15:36:03] slim-app.INFO: Slim-Skeleton '/' route [] {"uid":"7ea58ee"}
[2020-01-30 15:39:34] slim-app.INFO: Slim-Skeleton '/' route [] {"uid":"4408508"}
[2020-01-30 15:39:39] slim-app.INFO: Slim-Skeleton '/' route [] {"uid":"6def312"}
[2020-01-30 15:39:43] slim-app.INFO: Slim-Skeleton '/' route [] {"uid":"ea61df1"}
[2020-01-30 15:45:02] slim-app.INFO: Slim-Skeleton '/' route [] {"uid":"50c8684"}
[2020-01-30 15:46:34] slim-app.INFO: Slim-Skeleton '/' route [] {"uid":"b1a2809"}
[2020-01-30 15:53:34] slim-app.INFO: Slim-Skeleton '/' route [] {"uid":"114433a"}
[2020-01-30 15:53:36] slim-app.INFO: Slim-Skeleton '/' route [] {"uid":"eecad07"}
[2020-01-30 15:58:13] slim-app.INFO: Slim-Skeleton '/' route [] {"uid":"48482be"}
[2020-01-30 16:00:18] slim-app.INFO: Slim-Skeleton '/' route [] {"uid":"eac6ea6"}
[2020-01-30 16:00:36] slim-app.INFO: Slim-Skeleton '/' route [] {"uid":"f330d1b"}
[2020-01-30 16:02:30] slim-app.INFO: Slim-Skeleton '/' route [] {"uid":"22ff6c0"}
[2020-01-30 16:02:30] slim-app.INFO: Slim-Skeleton '/' route [] {"uid":"4ab13d2"}
[2020-01-30 16:02:31] slim-app.INFO: Slim-Skeleton '/' route [] {"uid":"cd98dce"}
[2020-01-30 16:02:31] slim-app.INFO: Slim-Skeleton '/' route [] {"uid":"7809d9e"}
[2020-01-30 16:02:32] slim-app.INFO: Slim-Skeleton '/' route [] {"uid":"56d7e6a"}
[2020-01-30 16:05:28] slim-app.INFO: Slim-Skeleton '/' route [] {"uid":"53d85a5"}
[2020-01-30 16:05:33] slim-app.INFO: Slim-Skeleton '/' route [] {"uid":"b977de1"}
[2020-01-30 16:11:19] slim-app.INFO: Slim-Skeleton '/' route [] {"uid":"aeb1682"}
[2020-01-30 16:12:34] slim-app.INFO: Slim-Skeleton '/' route [] {"uid":"dd47045"}
[2020-01-30 16:51:30] slim-app.INFO: Slim-Skeleton '/' route [] {"uid":"5563a1a"}
[2020-01-30 16:53:57] slim-app.INFO: Slim-Skeleton '/' route [] {"uid":"2c3d069"}
[2020-01-30 16:53:58] slim-app.INFO: Slim-Skeleton '/' route [] {"uid":"205edf0"}
[2020-01-30 16:53:59] slim-app.INFO: Slim-Skeleton '/' route [] {"uid":"8af6c60"}
[2020-01-30 17:06:51] slim-app.INFO: Slim-Skeleton '/' route [] {"uid":"10da956"}
[2020-01-30 17:06:55] slim-app.INFO: Slim-Skeleton '/' route [] {"uid":"6fa4860"}
[2020-01-30 17:11:23] slim-app.INFO: Slim-Skeleton '/' route [] {"uid":"4c1e7d7"}
[2020-01-30 17:14:02] slim-app.INFO: Slim-Skeleton '/' route [] {"uid":"cb58b14"}
[2020-01-30 17:14:11] slim-app.INFO: Slim-Skeleton '/' route [] {"uid":"1cce975"}
[2020-01-30 17:14:25] slim-app.INFO: Slim-Skeleton '/' route [] {"uid":"a0a8172"}
[2020-01-30 17:14:58] slim-app.INFO: Slim-Skeleton '/' route [] {"uid":"bc85e56"}
[2020-01-30 17:14:59] slim-app.INFO: Slim-Skeleton '/' route [] {"uid":"25d6cf8"}
[2020-01-30 17:15:03] slim-app.INFO: Slim-Skeleton '/' route [] {"uid":"c01dd71"}
[2020-01-30 17:15:37] slim-app.INFO: Slim-Skeleton '/' route [] {"uid":"ebe8c32"}
[2020-01-30 17:22:56] slim-app.INFO: Slim-Skeleton '/' route [] {"uid":"c7b6e5d"}
[2020-01-30 17:23:14] slim-app.INFO: Slim-Skeleton '/' route [] {"uid":"b193fae"}
[2020-01-30 17:26:10] slim-app.INFO: Slim-Skeleton '/' route [] {"uid":"32a9a16"}
[2020-01-30 17:33:05] slim-app.INFO: Slim-Skeleton '/' route [] {"uid":"a6bb26b"}
[2020-01-30 17:36:42] slim-app.INFO: Slim-Skeleton '/' route [] {"uid":"05dfdf6"}
[2020-01-30 21:28:24] slim-app.INFO: Slim-Skeleton '/' route [] {"uid":"4d87a2a"}
[2020-01-31 01:25:21] slim-app.INFO: Slim-Skeleton '/' route [] {"uid":"e781bbb"}
[2020-01-31 01:42:26] slim-app.INFO: Slim-Skeleton '/' route [] {"uid":"7b403bd"}
[2020-01-31 01:46:32] slim-app.INFO: Slim-Skeleton '/' route [] {"uid":"5933f9c"}
[2020-01-31 01:46:34] slim-app.INFO: Slim-Skeleton '/' route [] {"uid":"7ac80a5"}
[2020-01-31 01:46:35] slim-app.INFO: Slim-Skeleton '/' route [] {"uid":"c163685"}
[2020-01-31 01:46:37] slim-app.INFO: Slim-Skeleton '/' route [] {"uid":"e34a2ba"}
[2020-01-31 01:46:38] slim-app.INFO: Slim-Skeleton '/' route [] {"uid":"7913f3f"}
[2020-01-31 01:46:52] slim-app.INFO: Slim-Skeleton '/' route [] {"uid":"3c06088"}
[2020-01-31 02:03:52] slim-app.INFO: Slim-Skeleton '/' route [] {"uid":"6750532"}
[2020-01-31 02:18:24] slim-app.INFO: Slim-Skeleton '/' route [] {"uid":"be204a3"}
[2020-01-31 02:37:17] slim-app.INFO: Slim-Skeleton '/' route [] {"uid":"0bd984b"}
[2020-01-31 02:41:40] slim-app.INFO: Slim-Skeleton '/' route [] {"uid":"6ce1245"}
[2020-01-31 02:44:50] slim-app.INFO: Slim-Skeleton '/' route [] {"uid":"08e794d"}
[2020-01-31 02:46:47] slim-app.INFO: Slim-Skeleton '/' route [] {"uid":"1425d51"}
[2020-01-31 02:46:54] slim-app.INFO: Slim-Skeleton '/' route [] {"uid":"7995041"}
[2020-01-31 02:48:49] slim-app.INFO: Slim-Skeleton '/' route [] {"uid":"60993c9"}
[2020-01-31 02:49:45] slim-app.INFO: Slim-Skeleton '/' route [] {"uid":"13181f1"}
[2020-01-31 02:49:50] slim-app.INFO: Slim-Skeleton '/' route [] {"uid":"74e684e"}
[2020-01-31 02:49:53] slim-app.INFO: Slim-Skeleton '/' route [] {"uid":"f0c14af"}
[2020-01-31 06:11:55] slim-app.INFO: Index'/' route [] {"uid":"2cadb1a"}
[2020-01-31 06:12:01] slim-app.INFO: Index'/' route [] {"uid":"7eccd81"}
[2020-01-31 06:12:04] slim-app.INFO: Index'/' route [] {"uid":"dc3eb6c"}
[2020-01-31 06:12:07] slim-app.INFO: Index'/' route [] {"uid":"e8b58fa"}
[2020-01-31 06:35:09] slim-app.INFO: Index'/' route [] {"uid":"e74d39e"}
[2020-01-31 06:35:15] slim-app.INFO: Index'/' route [] {"uid":"23d639a"}
[2020-01-31 06:43:50] slim-app.INFO: Index'/' route [] {"uid":"1d0941f"}
[2020-01-31 06:43:55] slim-app.INFO: Index'/' route [] {"uid":"3d6577a"}
[2020-01-31 06:44:04] slim-app.INFO: Index'/' route [] {"uid":"82c4d1a"}
[2020-01-31 06:44:08] slim-app.INFO: Index'/' route [] {"uid":"cd622bc"}
[2020-01-31 06:49:35] slim-app.INFO: Index'/' route [] {"uid":"81918da"}
[2020-01-31 06:50:29] slim-app.INFO: Index'/' route [] {"uid":"8242712"}
[2020-01-31 06:50:51] slim-app.INFO: Index'/' route [] {"uid":"24c660d"}
[2020-01-31 06:50:52] slim-app.INFO: Index'/' route [] {"uid":"7fe884c"}
[2020-01-31 06:50:52] slim-app.INFO: Index'/' route [] {"uid":"575ac34"}
[2020-01-31 06:50:55] slim-app.INFO: Index'/' route [] {"uid":"8691b60"}
[2020-01-31 07:44:50] slim-app.INFO: Index'/' route [] {"uid":"c06707d"}
[2020-01-31 07:44:52] slim-app.INFO: Index'/' route [] {"uid":"4c17775"}
[2020-01-31 07:52:21] slim-app.INFO: Index'/' route [] {"uid":"6376b67"}
[2020-01-31 07:52:27] slim-app.INFO: Index'/' route [] {"uid":"fd192d3"}
[2020-01-31 07:53:20] slim-app.INFO: Index'/' route [] {"uid":"e4f2990"}
[2020-01-31 08:06:38] slim-app.INFO: Index'/' route [] {"uid":"9d0c422"}
[2020-01-31 08:07:06] slim-app.INFO: Index'/' route [] {"uid":"c522377"}
[2020-01-31 08:08:02] slim-app.INFO: Index'/' route [] {"uid":"c38f163"}
[2020-01-31 08:08:03] slim-app.INFO: Index'/' route [] {"uid":"fe07012"}
[2020-01-31 08:08:04] slim-app.INFO: Index'/' route [] {"uid":"4705ec7"}
[2020-01-31 08:10:16] slim-app.INFO: Index'/' route [] {"uid":"4257663"}
[2020-01-31 08:10:51] slim-app.INFO: Index'/' route [] {"uid":"dc81ef6"}
[2020-01-31 08:10:54] slim-app.INFO: Index'/' route [] {"uid":"2753bdd"}
[2020-01-31 08:17:13] slim-app.INFO: Index'/' route [] {"uid":"8fde7f1"}
[2020-01-31 08:21:35] slim-app.INFO: Index'/' route [] {"uid":"2ebf2cd"}
[2020-01-31 08:21:41] slim-app.INFO: Index'/' route [] {"uid":"960b813"}
[2020-01-31 08:26:18] slim-app.INFO: Index'/' route [] {"uid":"241e305"}
[2020-01-31 08:27:44] slim-app.INFO: Index'/' route [] {"uid":"bf77266"}
[2020-01-31 08:27:48] slim-app.INFO: Index'/' route [] {"uid":"36371cc"}
[2020-01-31 08:29:09] slim-app.INFO: Index'/' route [] {"uid":"532770d"}
[2020-01-31 08:30:32] slim-app.INFO: Index'/' route [] {"uid":"f1d642e"}
[2020-01-31 08:30:34] slim-app.INFO: Index'/' route [] {"uid":"7379ade"}
[2020-01-31 08:35:26] slim-app.INFO: Index'/' route [] {"uid":"eb33908"}
[2020-01-31 08:35:30] slim-app.INFO: Index'/' route [] {"uid":"df0b81e"}
[2020-01-31 08:35:33] slim-app.INFO: Index'/' route [] {"uid":"98d00e7"}
[2020-01-31 08:37:55] slim-app.INFO: Index'/' route [] {"uid":"7f7fc53"}
[2020-01-31 08:39:27] slim-app.INFO: Index'/' route [] {"uid":"ec02b5a"}
[2020-01-31 08:49:41] slim-app.INFO: index'/' route [] {"uid":"a134e2f"}
[2020-01-31 08:49:45] slim-app.INFO: index'/' route [] {"uid":"ace022d"}
[2020-01-31 08:59:18] slim-app.INFO: index'/' route [] {"uid":"47e6a53"}
[2020-01-31 08:59:23] slim-app.INFO: index'/' route [] {"uid":"01af983"}
[2020-01-31 08:59:31] slim-app.INFO: index'/' route [] {"uid":"cdc27ff"}
[2020-01-31 09:00:00] slim-app.INFO: index'/' route [] {"uid":"c313118"}
[2020-01-31 09:03:24] slim-app.INFO: index'/' route [] {"uid":"af4caf1"}
[2020-01-31 09:03:25] slim-app.INFO: index'/' route [] {"uid":"3ff7316"}
[2020-01-31 09:03:28] slim-app.INFO: index'/' route [] {"uid":"46236d6"}
[2020-01-31 09:03:32] slim-app.INFO: index'/' route [] {"uid":"37fdf5e"}
[2020-01-31 09:03:34] slim-app.INFO: index'/' route [] {"uid":"cbad0dc"}
[2020-01-31 09:03:38] slim-app.INFO: index'/' route [] {"uid":"6a1f758"}
[2020-01-31 09:03:43] slim-app.INFO: index'/' route [] {"uid":"4daa2ef"}
[2020-01-31 09:04:14] slim-app.INFO: index'/' route [] {"uid":"4ad82e8"}
[2020-01-31 09:04:15] slim-app.INFO: index'/' route [] {"uid":"1e5d787"}
[2020-01-31 09:04:18] slim-app.INFO: index'/' route [] {"uid":"f10b205"}
[2020-01-31 09:04:26] slim-app.INFO: index'/' route [] {"uid":"2def3fa"}
[2020-01-31 09:04:28] slim-app.INFO: index'/' route [] {"uid":"c108e9f"}
[2020-01-31 09:04:29] slim-app.INFO: index'/' route [] {"uid":"fff9bb8"}
[2020-01-31 09:04:39] slim-app.INFO: index'/' route [] {"uid":"b8151c7"}
[2020-01-31 09:04:40] slim-app.INFO: index'/' route [] {"uid":"c114b98"}
[2020-01-31 09:04:40] slim-app.INFO: index'/' route [] {"uid":"6b99189"}
[2020-01-31 09:04:40] slim-app.INFO: index'/' route [] {"uid":"2f04c0c"}
[2020-01-31 09:04:41] slim-app.INFO: index'/' route [] {"uid":"7559a88"}
[2020-01-31 09:04:41] slim-app.INFO: index'/' route [] {"uid":"25f8575"}
[2020-01-31 09:04:41] slim-app.INFO: index'/' route [] {"uid":"bfca86b"}
[2020-01-31 09:04:42] slim-app.INFO: index'/' route [] {"uid":"185531d"}
[2020-01-31 09:04:43] slim-app.INFO: index'/' route [] {"uid":"137366d"}
[2020-01-31 09:07:45] slim-app.INFO: index'/' route [] {"uid":"bafc802"}
[2020-01-31 09:07:48] slim-app.INFO: index'/' route [] {"uid":"f373513"}
[2020-01-31 09:07:54] slim-app.INFO: index'/' route [] {"uid":"464012d"}
[2020-01-31 09:11:59] slim-app.INFO: index'/' route [] {"uid":"33609ee"}
[2020-01-31 09:12:02] slim-app.INFO: index'/' route [] {"uid":"32fedef"}
[2020-01-31 09:12:06] slim-app.INFO: index'/' route [] {"uid":"bcf45f5"}
[2020-01-31 09:15:19] slim-app.INFO: index'/' route [] {"uid":"d28ccb3"}
[2020-01-31 09:16:26] slim-app.INFO: index'/' route [] {"uid":"99466aa"}
[2020-01-31 09:19:47] slim-app.INFO: index'/' route [] {"uid":"ae1b7f1"}
[2020-01-31 09:24:18] slim-app.INFO: index'/' route [] {"uid":"27c9c4b"}
[2020-01-31 09:24:40] slim-app.INFO: index'/' route [] {"uid":"14e9b3f"}
[2020-01-31 09:24:41] slim-app.INFO: index'/' route [] {"uid":"b27a79c"}
[2020-01-31 09:24:44] slim-app.INFO: index'/' route [] {"uid":"4a802fd"}
[2020-01-31 09:28:44] slim-app.INFO: index'/' route [] {"uid":"ce74392"}
[2020-01-31 09:30:07] slim-app.INFO: index'/' route [] {"uid":"511b3d6"}
[2020-01-31 09:47:55] slim-app.INFO: index'/' route [] {"uid":"755cc30"}
[2020-01-31 12:00:27] slim-app.INFO: index'/' route [] {"uid":"7450853"}
[2020-01-31 12:31:54] slim-app.INFO: index'/' route [] {"uid":"0c4dab7"}
[2020-02-05 17:48:50] slim-app.NOTICE: ["Add new post to db","hello?"] [] {"uid":"8a5f68c"}
[2020-02-06 13:12:47] slim-app.NOTICE: ["Checking for errors ","??"] [] {"uid":"bc04f3d"}
[2020-02-06 18:50:27] slim-app.NOTICE: [null,"??"] [] {"uid":"42f1b30"}
[2020-02-06 18:51:57] slim-app.NOTICE: [null,"??"] [] {"uid":"87345dd"}
[2020-02-07 11:35:26] slim-app.INFO: /details [] {"uid":"9722b67"}
[2020-02-07 11:35:37] slim-app.INFO: /details [] {"uid":"b4275ec"}
[2020-02-07 11:35:48] slim-app.INFO: /details [] {"uid":"1cce705"}
[2020-02-07 11:35:58] slim-app.INFO: /details [] {"uid":"736220b"}
[2020-02-07 11:36:13] slim-app.INFO: /details [] {"uid":"a71e281"}
[2020-02-07 11:36:14] slim-app.INFO: /details [] {"uid":"bbc229c"}
[2020-02-07 11:36:17] slim-app.INFO: /details [] {"uid":"4524a1d"}
[2020-02-07 11:36:19] slim-app.INFO: /details [] {"uid":"85e0b52"}
[2020-02-07 14:43:59] slim-app.INFO: /details [] {"uid":"db56ad8"}
[2020-02-07 14:45:19] slim-app.INFO: /details [] {"uid":"86aee1f"}
[2020-02-07 14:45:21] slim-app.INFO: /details [] {"uid":"645be88"}
[2020-02-07 14:45:22] slim-app.INFO: /details [] {"uid":"75c1923"}
[2020-02-07 14:45:23] slim-app.INFO: /details [] {"uid":"fa86a01"}
[2020-02-07 14:45:24] slim-app.INFO: /details [] {"uid":"4ddf66c"}
[2020-02-07 14:45:25] slim-app.INFO: /details [] {"uid":"f0f4f58"}
[2020-02-07 14:45:32] slim-app.INFO: /details [] {"uid":"618fc49"}
[2020-02-07 14:45:55] slim-app.INFO: /details [] {"uid":"5bc9b2b"}
[2020-02-07 14:45:57] slim-app.INFO: /details [] {"uid":"0cbe277"}
[2020-02-07 14:45:58] slim-app.INFO: /details [] {"uid":"2c658b6"}
[2020-02-07 14:45:58] slim-app.INFO: /details [] {"uid":"6263268"}
[2020-02-07 14:47:48] slim-app.INFO: /details [] {"uid":"b74fbdc"}
[2020-02-07 14:48:09] slim-app.INFO: /details [] {"uid":"0fd65cf"}
[2020-02-07 14:48:10] slim-app.INFO: /details [] {"uid":"dcb664c"}
[2020-02-07 14:48:12] slim-app.INFO: /details [] {"uid":"c95be9f"}
[2020-02-07 14:48:14] slim-app.INFO: /details [] {"uid":"bfee741"}
[2020-02-07 14:48:15] slim-app.INFO: /details [] {"uid":"7c8b53c"}
[2020-02-07 14:50:50] slim-app.INFO: /detail [] {"uid":"1d493b6"}
[2020-02-07 14:51:03] slim-app.INFO: /detail [] {"uid":"cba212f"}
[2020-02-07 14:51:11] slim-app.INFO: /details [] {"uid":"6ae9d01"}
[2020-02-07 14:51:12] slim-app.INFO: /details [] {"uid":"a7c7318"}
[2020-02-07 14:51:13] slim-app.INFO: /details [] {"uid":"990e7d6"}
[2020-02-07 14:51:42] slim-app.INFO: /details [] {"uid":"71f37b1"}
[2020-02-07 14:51:50] slim-app.INFO: /details [] {"uid":"7c7546f"}
[2020-02-07 14:54:28] slim-app.INFO: /details [] {"uid":"adfdc00"}
[2020-02-07 14:55:02] slim-app.INFO: /details [] {"uid":"18e66b5"}
[2020-02-07 14:55:44] slim-app.INFO: /details [] {"uid":"e186e05"}
[2020-02-07 14:56:07] slim-app.INFO: /details [] {"uid":"feb94dc"}
[2020-02-07 14:56:33] slim-app.INFO: /details [] {"uid":"e7dcd81"}
[2020-02-07 14:56:52] slim-app.INFO: /details [] {"uid":"79867df"}
[2020-02-07 14:57:11] slim-app.INFO: /details [] {"uid":"70a4be1"}
[2020-02-07 14:59:44] slim-app.INFO: /details [] {"uid":"38048d4"}
[2020-02-07 15:00:00] slim-app.INFO: /details [] {"uid":"4641631"}
[2020-02-07 15:01:06] slim-app.INFO: /details [] {"uid":"d6d6fb8"}
[2020-02-07 15:01:57] slim-app.INFO: /details [] {"uid":"97b42f7"}
[2020-02-07 15:01:58] slim-app.INFO: /details [] {"uid":"bfe7a6e"}
[2020-02-07 15:02:18] slim-app.INFO: /details [] {"uid":"26d4b02"}
[2020-02-07 15:02:19] slim-app.INFO: /details [] {"uid":"8c6bd8a"}
[2020-02-07 15:02:20] slim-app.INFO: /details [] {"uid":"52acbc8"}
[2020-02-07 15:03:29] slim-app.INFO: /details [] {"uid":"43b18d9"}
[2020-02-07 15:03:40] slim-app.INFO: /details [] {"uid":"0a564f8"}
[2020-02-07 15:05:52] slim-app.INFO: /details [] {"uid":"9f35533"}
[2020-02-07 15:05:53] slim-app.INFO: /details [] {"uid":"ddd6f57"}
[2020-02-07 15:06:33] slim-app.INFO: /details [] {"uid":"a109a97"}
[2020-02-07 15:06:55] slim-app.INFO: /details [] {"uid":"cf31fa9"}
[2020-02-07 15:10:35] slim-app.INFO: /details [] {"uid":"96b1b23"}
[2020-02-07 15:11:21] slim-app.INFO: /details [] {"uid":"5fc3fb5"}
[2020-02-07 15:11:22] slim-app.INFO: /details [] {"uid":"2ac479b"}
[2020-02-07 15:35:54] slim-app.INFO: /details [] {"uid":"2fdbb99"}
[2020-02-07 15:36:34] slim-app.INFO: /details [] {"uid":"220374b"}
[2020-02-07 15:36:53] slim-app.INFO: /details [] {"uid":"9f6371f"}
[2020-02-07 15:37:03] slim-app.INFO: /details [] {"uid":"58e4ced"}
[2020-02-07 15:37:06] slim-app.INFO: /details [] {"uid":"ff96cf8"}
[2020-02-07 15:37:07] slim-app.INFO: /details [] {"uid":"6487978"}
[2020-02-07 15:37:27] slim-app.INFO: /details [] {"uid":"f91499d"}
[2020-02-07 15:37:27] slim-app.INFO: /details [] {"uid":"9a1cd97"}
[2020-02-09 00:04:00] slim-app.INFO: /details [] {"uid":"8201771"}
[2020-02-09 00:10:26] slim-app.INFO: /details [] {"uid":"6b916c6"}
[2020-02-09 00:14:22] slim-app.INFO: /details [] {"uid":"caabd06"}
[2020-02-09 00:14:24] slim-app.INFO: /details [] {"uid":"b288f12"}
[2020-02-09 00:14:30] slim-app.INFO: /details [] {"uid":"06e62db"}
[2020-02-09 00:14:31] slim-app.INFO: /details [] {"uid":"88a03d1"}
[2020-02-09 00:14:51] slim-app.INFO: /details [] {"uid":"b1353db"}
[2020-02-09 00:18:03] slim-app.INFO: /details [] {"uid":"bf825e2"}
[2020-02-09 00:18:41] slim-app.INFO: /details [] {"uid":"cdb3251"}
[2020-02-09 00:36:09] slim-app.INFO: /details [] {"uid":"b7331c7"}
[2020-02-09 00:36:18] slim-app.INFO: /details [] {"uid":"ef0d25c"}
[2020-02-09 00:36:26] slim-app.INFO: /details [] {"uid":"fb6b298"}
[2020-02-09 00:37:54] slim-app.INFO: /details [] {"uid":"24a083f"}
[2020-02-09 00:37:55] slim-app.INFO: /details [] {"uid":"f784194"}
[2020-02-09 00:37:56] slim-app.INFO: /details [] {"uid":"cf16676"}
[2020-02-09 00:37:56] slim-app.INFO: /details [] {"uid":"51b9679"}
[2020-02-09 00:37:57] slim-app.INFO: /details [] {"uid":"583728f"}
[2020-02-09 00:37:57] slim-app.INFO: /details [] {"uid":"0dee535"}
[2020-02-09 00:37:58] slim-app.INFO: /details [] {"uid":"a5daca4"}
[2020-02-09 00:37:59] slim-app.INFO: /details [] {"uid":"2775135"}
[2020-02-09 00:38:27] slim-app.INFO: /details [] {"uid":"42bdcd0"}
[2020-02-09 00:43:54] slim-app.INFO: /details [] {"uid":"3d1c903"}
[2020-02-09 00:43:56] slim-app.INFO: /details [] {"uid":"15f8cf3"}
[2020-02-09 00:46:11] slim-app.INFO: /details [] {"uid":"3e07815"}
[2020-02-09 02:16:57] slim-app.INFO: /details [] {"uid":"162c229"}
[2020-02-09 02:17:05] slim-app.INFO: /details [] {"uid":"9144311"}
[2020-02-09 02:17:09] slim-app.INFO: /details [] {"uid":"0b432b3"}
[2020-02-09 02:17:10] slim-app.INFO: /details [] {"uid":"9e16554"}
[2020-02-09 02:17:34] slim-app.INFO: /details [] {"uid":"3ba047f"}
[2020-02-09 02:17:36] slim-app.INFO: /details [] {"uid":"6a39ffe"}
[2020-02-09 02:18:55] slim-app.INFO: /details [] {"uid":"5004127"}
[2020-02-09 02:23:10] slim-app.INFO: /details [] {"uid":"ce4f217"}
[2020-02-09 02:23:11] slim-app.INFO: /details [] {"uid":"f41d3e3"}
[2020-02-09 02:23:29] slim-app.INFO: /details [] {"uid":"34fd2e2"}
[2020-02-09 02:23:35] slim-app.INFO: /details [] {"uid":"63d02e0"}
[2020-02-09 02:30:50] slim-app.INFO: /details [] {"uid":"5d8d999"}
[2020-02-09 02:31:14] slim-app.INFO: /details [] {"uid":"b3b5c0a"}
[2020-02-09 02:33:06] slim-app.INFO: /details [] {"uid":"0f2b9fe"}
[2020-02-09 02:33:10] slim-app.INFO: /details [] {"uid":"e71caa3"}
[2020-02-09 02:33:18] slim-app.INFO: /details [] {"uid":"82aba4b"}
[2020-02-10 03:20:39] slim-app.INFO: /details [] {"uid":"ecf3f0d"}
[2020-02-10 03:20:44] slim-app.INFO: /details [] {"uid":"dd6671b"}
[2020-02-10 03:29:59] slim-app.INFO: /details [] {"uid":"17a16f5"}
[2020-02-10 03:35:43] slim-app.INFO: /details [] {"uid":"1ef6253"}
[2020-02-10 03:35:51] slim-app.INFO: /details [] {"uid":"5f00cb6"}
[2020-02-10 03:36:54] slim-app.INFO: /details [] {"uid":"fa2ef9a"}
[2020-02-10 03:37:44] slim-app.INFO: /details [] {"uid":"1e7a4b9"}
[2020-02-10 03:38:05] slim-app.INFO: /details [] {"uid":"73f3cad"}
[2020-02-10 03:38:16] slim-app.INFO: /details [] {"uid":"fa7122c"}
[2020-02-10 04:05:48] slim-app.INFO: /details [] {"uid":"9a4d5e1"}
[2020-02-10 04:05:51] slim-app.INFO: /details [] {"uid":"091a59c"}
[2020-02-10 04:48:16] slim-app.INFO: /details [] {"uid":"797c578"}
[2020-02-10 04:59:44] slim-app.INFO: /details [] {"uid":"c9b6e02"}
[2020-02-10 04:59:45] slim-app.INFO: /details [] {"uid":"c7c1e73"}
[2020-02-10 04:59:45] slim-app.INFO: /details [] {"uid":"e717da5"}
[2020-02-10 04:59:47] slim-app.INFO: /details [] {"uid":"bb324a4"}
[2020-02-10 04:59:56] slim-app.INFO: /details [] {"uid":"725608d"}
[2020-02-10 05:00:03] slim-app.INFO: /details [] {"uid":"b65de9c"}
[2020-02-10 05:00:36] slim-app.INFO: /details [] {"uid":"df3143b"}
[2020-02-10 05:00:39] slim-app.INFO: /details [] {"uid":"d6dc98b"}
[2020-02-10 05:00:43] slim-app.INFO: /details [] {"uid":"2f39c6b"}
[2020-02-10 05:00:47] slim-app.INFO: /details [] {"uid":"aedf257"}
[2020-02-10 05:00:51] slim-app.INFO: /details [] {"uid":"29e9f68"}
[2020-02-10 05:00:54] slim-app.INFO: /details [] {"uid":"4f3e369"}
[2020-02-10 05:01:52] slim-app.INFO: /details [] {"uid":"a69e2bd"}
[2020-02-10 05:02:55] slim-app.INFO: /details [] {"uid":"de97c96"}
[2020-02-10 05:13:10] slim-app.INFO: /details [] {"uid":"c495eaf"}
[2020-02-10 05:26:50] slim-app.INFO: /details [] {"uid":"ea51647"}
[2020-02-10 05:27:16] slim-app.INFO: /details [] {"uid":"0110f93"}
[2020-02-10 05:31:54] slim-app.INFO: /details [] {"uid":"4a42c65"}
[2020-02-10 05:31:56] slim-app.INFO: /details [] {"uid":"7987c7b"}
[2020-02-10 05:32:06] slim-app.INFO: /details [] {"uid":"0842efe"}
[2020-02-10 05:32:20] slim-app.INFO: /details [] {"uid":"bc72ae1"}
[2020-02-10 05:36:13] slim-app.INFO: /details [] {"uid":"b52fe7b"}
[2020-02-10 05:36:14] slim-app.INFO: /details [] {"uid":"a198fc4"}
[2020-02-10 05:36:14] slim-app.INFO: /details [] {"uid":"db97480"}
[2020-02-10 05:36:15] slim-app.INFO: /details [] {"uid":"65bcddf"}
[2020-02-10 05:36:15] slim-app.INFO: /details [] {"uid":"741156a"}
[2020-02-10 05:36:15] slim-app.INFO: /details [] {"uid":"c678c0b"}
[2020-02-10 05:44:17] slim-app.INFO: /details [] {"uid":"f9e602f"}
[2020-02-10 05:44:26] slim-app.INFO: /details [] {"uid":"401426c"}
[2020-02-10 05:50:05] slim-app.INFO: /details [] {"uid":"3bc0ac2"}
[2020-02-10 05:50:29] slim-app.INFO: /details [] {"uid":"fbd94f9"}
[2020-02-10 05:53:54] slim-app.INFO: /details [] {"uid":"a34cf72"}
[2020-02-10 05:53:57] slim-app.INFO: /details [] {"uid":"1ed4d56"}
[2020-02-10 05:59:27] slim-app.INFO: /details [] {"uid":"3c203a3"}
[2020-02-10 06:21:18] slim-app.INFO: /details [] {"uid":"5246a77"}
[2020-02-10 06:21:32] slim-app.INFO: /details [] {"uid":"9d46be1"}
[2020-02-10 06:21:32] slim-app.INFO: /details [] {"uid":"8bdb19c"}
[2020-02-10 06:21:33] slim-app.INFO: /details [] {"uid":"38a0b81"}
[2020-02-10 06:21:33] slim-app.INFO: /details [] {"uid":"8206f3c"}
[2020-02-10 06:23:04] slim-app.INFO: /details [] {"uid":"f145dc4"}
[2020-02-10 06:24:41] slim-app.INFO: /details [] {"uid":"8f5e10c"}
[2020-02-10 06:29:11] slim-app.INFO: /details [] {"uid":"94365ad"}
[2020-02-10 06:29:58] slim-app.INFO: /details [] {"uid":"45aecdc"}
[2020-02-10 06:30:15] slim-app.INFO: /details [] {"uid":"69238cf"}
[2020-02-10 06:30:41] slim-app.INFO: /details [] {"uid":"ad73d76"}
[2020-02-10 06:32:29] slim-app.INFO: /details [] {"uid":"c23f06d"}
[2020-02-10 06:32:30] slim-app.INFO: /details [] {"uid":"b5d174e"}
[2020-02-10 06:32:30] slim-app.INFO: /details [] {"uid":"5c1938b"}
[2020-02-10 06:32:31] slim-app.INFO: /details [] {"uid":"3459269"}
[2020-02-10 06:33:15] slim-app.INFO: /details [] {"uid":"79b6eba"}
[2020-02-10 06:33:51] slim-app.INFO: /details [] {"uid":"acc6484"}
[2020-02-10 06:33:52] slim-app.INFO: /details [] {"uid":"3dc9053"}
[2020-02-10 06:34:55] slim-app.INFO: /details [] {"uid":"7663057"}
[2020-02-10 06:38:59] slim-app.INFO: /details [] {"uid":"ca54bb1"}
[2020-02-10 06:39:00] slim-app.INFO: /details [] {"uid":"da97466"}
[2020-02-10 06:39:00] slim-app.INFO: /details [] {"uid":"292da7f"}
[2020-02-10 06:42:16] slim-app.INFO: /details [] {"uid":"4968955"}
[2020-02-10 06:45:20] slim-app.INFO: /details [] {"uid":"8b3ca54"}
[2020-02-10 06:46:32] slim-app.INFO: /details [] {"uid":"1cd9091"}
[2020-02-10 06:46:33] slim-app.INFO: /details [] {"uid":"c111c70"}
[2020-02-10 06:46:33] slim-app.INFO: /details [] {"uid":"8a7bd69"}
[2020-02-10 06:46:33] slim-app.INFO: /details [] {"uid":"55c0559"}
[2020-02-10 06:46:46] slim-app.INFO: /details [] {"uid":"23c3d57"}
[2020-02-10 06:46:53] slim-app.INFO: /details [] {"uid":"51b95fb"}
[2020-02-10 06:48:02] slim-app.INFO: /details [] {"uid":"2e0d8f2"}
[2020-02-10 06:48:24] slim-app.INFO: /details [] {"uid":"0fe5bad"}
[2020-02-10 06:48:37] slim-app.INFO: /details [] {"uid":"50b9f84"}
[2020-02-10 06:51:06] slim-app.INFO: /details [] {"uid":"1eadd86"}
[2020-02-10 06:51:22] slim-app.INFO: /details [] {"uid":"8d925f3"}
[2020-02-10 06:53:08] slim-app.INFO: /details [] {"uid":"1a1133c"}
[2020-02-10 06:54:04] slim-app.INFO: /details [] {"uid":"8a5b599"}
[2020-02-10 06:54:04] slim-app.INFO: /details [] {"uid":"37b41b4"}
[2020-02-10 06:55:45] slim-app.INFO: /details [] {"uid":"c4af379"}
[2020-02-10 06:55:58] slim-app.INFO: /details [] {"uid":"9f4353c"}
[2020-02-10 06:56:10] slim-app.INFO: /details [] {"uid":"5533ba1"}
[2020-02-10 06:56:15] slim-app.INFO: /details [] {"uid":"46d3c98"}
[2020-02-10 06:56:16] slim-app.INFO: /details [] {"uid":"38a691a"}
[2020-02-10 06:56:51] slim-app.INFO: /details [] {"uid":"c3c38ff"}
[2020-02-10 06:57:02] slim-app.INFO: /details [] {"uid":"61d9cc5"}
[2020-02-10 06:57:28] slim-app.INFO: /details [] {"uid":"2447e7f"}
[2020-02-10 06:58:23] slim-app.INFO: /details [] {"uid":"661ebcf"}
[2020-02-10 07:00:39] slim-app.INFO: /details [] {"uid":"b43cf3d"}
[2020-02-10 07:00:42] slim-app.INFO: /details [] {"uid":"14c5c90"}
[2020-02-10 07:04:43] slim-app.INFO: /details [] {"uid":"9782e2e"}
[2020-02-10 07:04:46] slim-app.INFO: /details [] {"uid":"6c6631a"}
[2020-02-10 07:09:14] slim-app.INFO: /details [] {"uid":"dd63921"}
[2020-02-10 07:11:04] slim-app.INFO: /details [] {"uid":"c7bdc1d"}
[2020-02-10 07:11:06] slim-app.INFO: /details [] {"uid":"8052b3a"}
[2020-02-10 07:11:12] slim-app.INFO: /details [] {"uid":"1467d28"}
[2020-02-10 07:13:14] slim-app.INFO: /details [] {"uid":"6664a97"}
[2020-02-10 07:18:51] slim-app.INFO: /details [] {"uid":"67629f6"}
[2020-02-10 07:19:06] slim-app.INFO: /details [] {"uid":"ac55164"}
[2020-02-10 07:23:21] slim-app.INFO: /details [] {"uid":"65dd093"}
[2020-02-10 07:24:13] slim-app.INFO: /details [] {"uid":"700f83d"}
[2020-02-10 07:26:57] slim-app.INFO: /details [] {"uid":"cf4d704"}
[2020-02-10 07:26:59] slim-app.INFO: /details [] {"uid":"2f70418"}
[2020-02-10 07:27:14] slim-app.INFO: /details [] {"uid":"aaf4a21"}
[2020-02-10 07:33:54] slim-app.INFO: /details [] {"uid":"7830a3e"}
[2020-02-10 07:33:55] slim-app.INFO: /details [] {"uid":"b8f0b86"}
[2020-02-10 07:34:05] slim-app.INFO: /details [] {"uid":"5a79a3f"}
[2020-02-10 13:09:07] slim-app.INFO: /details [] {"uid":"4822ef8"}
[2020-02-10 13:09:13] slim-app.INFO: /details [] {"uid":"8560da1"}
[2020-02-10 13:09:27] slim-app.INFO: /details [] {"uid":"a1d043c"}
[2020-02-10 13:09:31] slim-app.INFO: /details [] {"uid":"7167d8c"}
[2020-02-10 13:16:27] slim-app.INFO: /details [] {"uid":"12c8709"}
[2020-02-10 13:16:28] slim-app.INFO: /details [] {"uid":"9b7c25d"}
[2020-02-10 13:16:34] slim-app.INFO: /details [] {"uid":"e9c2652"}
[2020-02-11 10:29:01] slim-app.INFO: /details [] {"uid":"85ac8ab"}
[2020-02-11 10:31:37] slim-app.INFO: /details [] {"uid":"400c3d1"}
[2020-02-11 10:32:17] slim-app.INFO: /details [] {"uid":"be5eefe"}
[2020-02-11 10:32:29] slim-app.INFO: /details [] {"uid":"1ce8fde"}
[2020-02-11 10:33:57] slim-app.INFO: /details [] {"uid":"ce8d8db"}
[2020-02-11 10:34:02] slim-app.INFO: /details [] {"uid":"ab39a73"}
[2020-02-11 10:34:06] slim-app.INFO: /details [] {"uid":"3402462"}
[2020-02-11 10:38:52] slim-app.INFO: /details [] {"uid":"1179dda"}
[2020-02-11 10:40:23] slim-app.INFO: /details [] {"uid":"b152498"}
[2020-02-11 10:43:27] slim-app.INFO: /details [] {"uid":"a7ae2cf"}
[2020-02-11 10:43:48] slim-app.INFO: /details [] {"uid":"a1a4f6a"}
[2020-02-11 10:44:42] slim-app.INFO: /details [] {"uid":"c56d9f1"}
[2020-02-11 10:45:58] slim-app.INFO: /details [] {"uid":"16a3e3c"}
[2020-02-11 10:46:03] slim-app.INFO: /details [] {"uid":"daf84ca"}
[2020-02-11 10:47:38] slim-app.INFO: /details [] {"uid":"4f04894"}
[2020-02-11 10:47:41] slim-app.INFO: /details [] {"uid":"9bc0c97"}
[2020-02-11 10:47:44] slim-app.INFO: /details [] {"uid":"b10b3be"}
[2020-02-11 10:47:50] slim-app.INFO: /details [] {"uid":"c630070"}
[2020-02-11 10:47:53] slim-app.INFO: /details [] {"uid":"8c23aa4"}
[2020-02-11 11:01:37] slim-app.INFO: /details [] {"uid":"4d22855"}
[2020-02-11 11:02:34] slim-app.INFO: /details [] {"uid":"798e9b8"}
[2020-02-11 11:03:00] slim-app.INFO: /details [] {"uid":"5cf2350"}
[2020-02-11 11:03:38] slim-app.INFO: /details [] {"uid":"c2cbff2"}
[2020-02-11 11:03:56] slim-app.INFO: /details [] {"uid":"ebc8e3f"}
[2020-02-11 11:06:27] slim-app.INFO: /details [] {"uid":"eefe4f0"}
[2020-02-11 11:06:30] slim-app.INFO: /details [] {"uid":"2ed96ae"}
[2020-02-11 11:06:43] slim-app.INFO: /details [] {"uid":"dfe56cb"}
[2020-02-11 11:06:51] slim-app.INFO: /details [] {"uid":"da951b6"}
[2020-02-11 11:11:39] slim-app.INFO: /details [] {"uid":"44cec74"}
[2020-02-11 11:16:08] slim-app.INFO: /details [] {"uid":"59f99e9"}
[2020-02-11 11:16:14] slim-app.INFO: /details [] {"uid":"fb13337"}
[2020-02-11 11:16:18] slim-app.INFO: /details [] {"uid":"c2f06dd"}
[2020-02-11 11:18:52] slim-app.INFO: /details [] {"uid":"563952e"}
[2020-02-11 11:19:19] slim-app.INFO: /details [] {"uid":"59163f6"}
[2020-02-11 11:22:44] slim-app.INFO: /details [] {"uid":"687bd06"}
[2020-02-11 11:23:57] slim-app.INFO: /details [] {"uid":"ad894a5"}
[2020-02-11 11:25:10] slim-app.INFO: /details [] {"uid":"56fb108"}
[2020-02-11 11:29:10] slim-app.INFO: /details [] {"uid":"72fd05d"}
[2020-02-11 11:32:15] slim-app.INFO: /details [] {"uid":"8040624"}
[2020-02-11 14:09:17] slim-app.INFO: /details [] {"uid":"b9d7305"}
[2020-02-11 14:09:34] slim-app.INFO: /details [] {"uid":"7da7632"}
[2020-02-11 14:09:40] slim-app.INFO: /details [] {"uid":"239e9b8"}
[2020-02-11 14:11:32] slim-app.INFO: /details [] {"uid":"ffdc217"}
[2020-02-11 14:11:34] slim-app.INFO: /details [] {"uid":"2c719d6"}
[2020-02-11 14:11:53] slim-app.INFO: /details [] {"uid":"973e14e"}
[2020-02-11 14:15:04] slim-app.INFO: /details [] {"uid":"6153eb0"}
[2020-02-11 14:16:13] slim-app.INFO: /details [] {"uid":"c3c7c10"}
[2020-02-11 14:16:14] slim-app.INFO: /details [] {"uid":"aeec2c9"}
[2020-02-11 14:16:14] slim-app.INFO: /details [] {"uid":"d2cd5b7"}
[2020-02-11 14:16:14] slim-app.INFO: /details [] {"uid":"bf442bd"}
[2020-02-11 14:16:15] slim-app.INFO: /details [] {"uid":"1d71007"}
[2020-02-11 14:16:15] slim-app.INFO: /details [] {"uid":"909408a"}
[2020-02-11 14:16:15] slim-app.INFO: /details [] {"uid":"2442092"}
[2020-02-11 14:16:16] slim-app.INFO: /details [] {"uid":"db378a0"}
[2020-02-11 14:16:16] slim-app.INFO: /details [] {"uid":"9bed7c3"}
[2020-02-11 14:16:16] slim-app.INFO: /details [] {"uid":"1f2a783"}
[2020-02-11 14:16:17] slim-app.INFO: /details [] {"uid":"00ec3ec"}
[2020-02-11 14:16:17] slim-app.INFO: /details [] {"uid":"82e0ad0"}
[2020-02-11 14:16:17] slim-app.INFO: /details [] {"uid":"f281690"}
[2020-02-11 14:18:20] slim-app.INFO: /details [] {"uid":"becb598"}
[2020-02-11 14:18:21] slim-app.INFO: /details [] {"uid":"1344840"}
[2020-02-11 14:18:21] slim-app.INFO: /details [] {"uid":"4e729c2"}
[2020-02-11 14:18:22] slim-app.INFO: /details [] {"uid":"df5a656"}
[2020-02-11 14:18:38] slim-app.INFO: /details [] {"uid":"4a63b80"}
[2020-02-11 14:18:54] slim-app.INFO: /details [] {"uid":"ac49fcf"}
[2020-02-11 14:19:08] slim-app.INFO: /details [] {"uid":"3886609"}
[2020-02-11 14:19:38] slim-app.INFO: /details [] {"uid":"1653777"}
[2020-02-11 14:20:09] slim-app.INFO: /details [] {"uid":"4b0780d"}
[2020-02-11 14:20:51] slim-app.INFO: /details [] {"uid":"693e5ef"}
[2020-02-11 14:21:03] slim-app.INFO: /details [] {"uid":"72dc265"}
[2020-02-11 14:21:40] slim-app.INFO: /details [] {"uid":"be74673"}
[2020-02-11 14:21:43] slim-app.INFO: /details [] {"uid":"1dd553b"}
[2020-02-11 14:21:56] slim-app.INFO: /details [] {"uid":"d7bb284"}
[2020-02-11 14:29:11] slim-app.INFO: /details [] {"uid":"e325596"}
[2020-02-11 14:29:31] slim-app.INFO: /details [] {"uid":"a54f625"}
[2020-02-11 14:29:40] slim-app.INFO: /details [] {"uid":"d7a00d5"}
[2020-02-11 14:29:48] slim-app.INFO: /details [] {"uid":"77c90dc"}
[2020-02-11 14:38:14] slim-app.INFO: /details [] {"uid":"877944d"}
[2020-02-11 14:40:04] slim-app.INFO: /details [] {"uid":"17e7190"}
[2020-02-11 14:42:46] slim-app.INFO: /details [] {"uid":"6ca76a2"}
[2020-02-11 14:42:54] slim-app.INFO: /details [] {"uid":"5f284d3"}
[2020-02-11 14:43:00] slim-app.INFO: /details [] {"uid":"dee69fa"}
[2020-02-11 14:43:48] slim-app.INFO: /details [] {"uid":"b6f2ae7"}
[2020-02-11 14:43:52] slim-app.INFO: /details [] {"uid":"9b9b537"}
[2020-02-11 14:43:58] slim-app.INFO: /details [] {"uid":"faf44f9"}
[2020-02-11 14:44:26] slim-app.INFO: /details [] {"uid":"c13c529"}
[2020-02-11 14:44:29] slim-app.INFO: /details [] {"uid":"1734f84"}
[2020-02-11 14:45:32] slim-app.INFO: /details [] {"uid":"95429ff"}
[2020-02-11 14:46:06] slim-app.INFO: /details [] {"uid":"41066db"}
[2020-02-11 14:47:32] slim-app.INFO: /details [] {"uid":"926adce"}
[2020-02-11 14:49:06] slim-app.INFO: /details [] {"uid":"5ea4e91"}
[2020-02-11 15:15:14] slim-app.INFO: /details [] {"uid":"8271fee"}
[2020-02-11 15:15:14] slim-app.INFO: /details [] {"uid":"4ddb26d"}
[2020-02-11 15:20:33] slim-app.INFO: /details [] {"uid":"81dd673"}
[2020-02-11 15:21:06] slim-app.INFO: /details [] {"uid":"87eb741"}
[2020-02-11 15:21:16] slim-app.INFO: /details [] {"uid":"f093863"}
[2020-02-11 15:22:10] slim-app.INFO: /details [] {"uid":"72b610b"}
[2020-02-11 15:22:17] slim-app.INFO: /details [] {"uid":"10ed56f"}
[2020-02-11 15:22:33] slim-app.INFO: /details [] {"uid":"844b51b"}
[2020-02-11 15:22:58] slim-app.INFO: /details [] {"uid":"bc77c94"}
[2020-02-11 15:23:05] slim-app.INFO: /details [] {"uid":"0e7fd7c"}
[2020-02-11 15:24:36] slim-app.INFO: /edit [] {"uid":"3c1e8ba"}
[2020-02-11 15:24:37] slim-app.INFO: /edit [] {"uid":"8923860"}
[2020-02-11 15:24:39] slim-app.INFO: /details [] {"uid":"f220b67"}
[2020-02-11 15:24:40] slim-app.INFO: /edit [] {"uid":"c591e21"}
[2020-02-11 15:24:55] slim-app.INFO: /details [] {"uid":"5c296ad"}
[2020-02-11 15:41:04] slim-app.INFO: /details [] {"uid":"c90ddf5"}
[2020-02-11 15:41:06] slim-app.INFO: /edit [] {"uid":"ebebf34"}
[2020-02-11 15:41:49] slim-app.INFO: /edit [] {"uid":"9911794"}
[2020-02-11 15:42:10] slim-app.INFO: /edit [] {"uid":"a17fb21"}
[2020-02-11 15:42:32] slim-app.INFO: /edit [] {"uid":"c6f33a0"}
[2020-02-11 15:43:08] slim-app.INFO: /edit [] {"uid":"b9a389c"}
[2020-02-11 15:43:13] slim-app.INFO: /edit [] {"uid":"fe0fa07"}
[2020-02-11 15:43:28] slim-app.INFO: /edit [] {"uid":"6e38c8f"}
[2020-02-11 15:45:06] slim-app.INFO: /edit [] {"uid":"df8428b"}
[2020-02-11 15:45:17] slim-app.INFO: /edit [] {"uid":"031628a"}
[2020-02-11 15:45:41] slim-app.INFO: /details [] {"uid":"aee2a9b"}
[2020-02-11 15:45:41] slim-app.INFO: /edit [] {"uid":"2455513"}
[2020-02-11 15:46:04] slim-app.INFO: /edit [] {"uid":"3a03745"}
[2020-02-11 15:46:09] slim-app.INFO: /details [] {"uid":"3fd67e1"}
[2020-02-11 15:46:30] slim-app.INFO: /details [] {"uid":"b7726b7"}
[2020-02-11 15:46:34] slim-app.INFO: /details [] {"uid":"2639c29"}
[2020-02-11 15:46:43] slim-app.INFO: /edit [] {"uid":"08c2e39"}
[2020-02-11 15:47:17] slim-app.INFO: /details [] {"uid":"4ab8248"}
[2020-02-11 15:47:18] slim-app.INFO: /edit [] {"uid":"58fdeb6"}
[2020-02-11 15:47:22] slim-app.INFO: /edit [] {"uid":"9505cc2"}
[2020-02-11 15:49:13] slim-app.INFO: /details [] {"uid":"656b3c7"}
[2020-02-11 15:49:14] slim-app.INFO: /edit [] {"uid":"9b3d229"}
[2020-02-11 15:49:28] slim-app.INFO: /details [] {"uid":"aad28d6"}
[2020-02-11 15:49:30] slim-app.INFO: /edit [] {"uid":"4885064"}
[2020-02-11 15:49:33] slim-app.INFO: /details [] {"uid":"64c2889"}
[2020-02-11 15:49:54] slim-app.INFO: /details [] {"uid":"ae4e25d"}
[2020-02-11 15:49:55] slim-app.INFO: /edit [] {"uid":"793f944"}
[2020-02-11 15:50:10] slim-app.INFO: /edit [] {"uid":"11c4ae8"}
[2020-02-11 15:50:11] slim-app.INFO: /edit [] {"uid":"8060649"}
[2020-02-11 15:50:12] slim-app.INFO: /edit [] {"uid":"6574d0a"}
[2020-02-11 15:50:18] slim-app.INFO: /edit [] {"uid":"3966f45"}
[2020-02-11 15:51:58] slim-app.INFO: /edit [] {"uid":"08c216a"}
[2020-02-11 15:51:59] slim-app.INFO: /edit [] {"uid":"c2bb6af"}
[2020-02-11 15:52:02] slim-app.INFO: /details [] {"uid":"f7ea6ac"}
[2020-02-11 15:52:03] slim-app.INFO: /edit [] {"uid":"2cf3eb2"}
[2020-02-11 15:52:10] slim-app.INFO: /edit [] {"uid":"30c997e"}
[2020-02-11 15:52:55] slim-app.INFO: /details [] {"uid":"1fdf61e"}
[2020-02-11 15:52:56] slim-app.INFO: /edit [] {"uid":"256b3e8"}
[2020-02-11 15:53:19] slim-app.INFO: /edit [] {"uid":"6454fd6"}
[2020-02-11 15:53:21] slim-app.INFO: /edit [] {"uid":"b6600e0"}
[2020-02-11 15:53:26] slim-app.INFO: /edit [] {"uid":"358a31b"}
[2020-02-11 15:53:52] slim-app.INFO: /edit [] {"uid":"26ab258"}
[2020-02-11 15:54:13] slim-app.INFO: /edit [] {"uid":"015c5aa"}
[2020-02-11 15:54:29] slim-app.INFO: /edit [] {"uid":"1bb9649"}
[2020-02-11 15:55:43] slim-app.INFO: /edit [] {"uid":"781babf"}
[2020-02-11 15:55:55] slim-app.INFO: /details [] {"uid":"2921d3d"}
[2020-02-11 15:55:57] slim-app.INFO: /edit [] {"uid":"477d516"}
[2020-02-11 15:56:33] slim-app.INFO: /edit [] {"uid":"d985acb"}
[2020-02-11 15:57:15] slim-app.INFO: /edit [] {"uid":"237a1c0"}
[2020-02-11 15:57:21] slim-app.INFO: /details [] {"uid":"f7af73b"}
[2020-02-11 15:57:24] slim-app.INFO: /edit [] {"uid":"de24031"}
[2020-02-11 15:57:26] slim-app.INFO: /edit [] {"uid":"e5bf6e0"}
[2020-02-11 15:57:35] slim-app.INFO: /edit [] {"uid":"5f52489"}
[2020-02-11 15:59:11] slim-app.INFO: /details [] {"uid":"a808078"}
[2020-02-11 15:59:12] slim-app.INFO: /edit [] {"uid":"8418abe"}
[2020-02-11 15:59:14] slim-app.INFO: /details [] {"uid":"5a5fa9a"}
[2020-02-11 15:59:32] slim-app.INFO: /edit [] {"uid":"18cf7f3"}
[2020-02-11 15:59:32] slim-app.INFO: /edit [] {"uid":"fbc69e1"}
[2020-02-11 15:59:32] slim-app.INFO: /edit [] {"uid":"4d9e171"}
[2020-02-11 15:59:32] slim-app.INFO: /edit [] {"uid":"3bc6700"}
[2020-02-11 15:59:32] slim-app.INFO: /edit [] {"uid":"b3a932b"}
[2020-02-11 15:59:32] slim-app.INFO: /edit [] {"uid":"2d13b02"}
[2020-02-11 15:59:33] slim-app.INFO: /edit [] {"uid":"5ac7a71"}
[2020-02-11 15:59:33] slim-app.INFO: /edit [] {"uid":"bbbfd6b"}
[2020-02-11 15:59:33] slim-app.INFO: /edit [] {"uid":"7d99e3a"}
[2020-02-11 15:59:33] slim-app.INFO: /edit [] {"uid":"801ff22"}
[2020-02-11 15:59:33] slim-app.INFO: /edit [] {"uid":"1eb4e0c"}
[2020-02-11 15:59:33] slim-app.INFO: /edit [] {"uid":"3ebcab3"}
[2020-02-11 15:59:33] slim-app.INFO: /edit [] {"uid":"4c9f24c"}
[2020-02-11 15:59:33] slim-app.INFO: /edit [] {"uid":"dea9902"}
[2020-02-11 15:59:33] slim-app.INFO: /edit [] {"uid":"f1e1867"}
[2020-02-11 15:59:33] slim-app.INFO: /edit [] {"uid":"1f487d8"}
[2020-02-11 15:59:33] slim-app.INFO: /edit [] {"uid":"ae6a561"}
[2020-02-11 15:59:33] slim-app.INFO: /edit [] {"uid":"29e533e"}
[2020-02-11 15:59:33] slim-app.INFO: /edit [] {"uid":"18c125c"}
[2020-02-11 15:59:33] slim-app.INFO: /edit [] {"uid":"00c8681"}
[2020-02-11 15:59:33] slim-app.INFO: /edit [] {"uid":"19aee9f"}
[2020-02-11 15:59:33] slim-app.INFO: /edit [] {"uid":"d23ead8"}
[2020-02-11 15:59:33] slim-app.INFO: /edit [] {"uid":"a397dcd"}
[2020-02-11 15:59:33] slim-app.INFO: /edit [] {"uid":"8a76e5c"}
[2020-02-11 15:59:33] slim-app.INFO: /edit [] {"uid":"e1b0b74"}
[2020-02-11 15:59:33] slim-app.INFO: /edit [] {"uid":"a7dcac8"}
[2020-02-11 15:59:33] slim-app.INFO: /edit [] {"uid":"feb029e"}
[2020-02-11 15:59:33] slim-app.INFO: /edit [] {"uid":"b36f390"}
[2020-02-11 15:59:33] slim-app.INFO: /edit [] {"uid":"15a41c3"}
[2020-02-11 15:59:33] slim-app.INFO: /edit [] {"uid":"18d2a40"}
[2020-02-11 15:59:33] slim-app.INFO: /edit [] {"uid":"352fe1e"}
[2020-02-11 15:59:33] slim-app.INFO: /edit [] {"uid":"ce7bdda"}
[2020-02-11 15:59:33] slim-app.INFO: /edit [] {"uid":"0801c55"}
[2020-02-11 15:59:33] slim-app.INFO: /edit [] {"uid":"b3417cd"}
[2020-02-11 15:59:33] slim-app.INFO: /edit [] {"uid":"4e7f286"}
[2020-02-11 15:59:33] slim-app.INFO: /edit [] {"uid":"033a137"}
[2020-02-11 15:59:33] slim-app.INFO: /edit [] {"uid":"01eb88e"}
[2020-02-11 15:59:33] slim-app.INFO: /edit [] {"uid":"1c718b7"}
[2020-02-11 15:59:33] slim-app.INFO: /edit [] {"uid":"ec0e8a1"}
[2020-02-11 15:59:34] slim-app.INFO: /edit [] {"uid":"e4d609b"}
[2020-02-11 15:59:35] slim-app.INFO: /details [] {"uid":"7260b03"}
[2020-02-11 15:59:38] slim-app.INFO: /details [] {"uid":"370fae8"}
[2020-02-11 15:59:39] slim-app.INFO: /edit [] {"uid":"b38a40b"}
[2020-02-11 15:59:39] slim-app.INFO: /edit [] {"uid":"a49affc"}
[2020-02-11 15:59:39] slim-app.INFO: /edit [] {"uid":"ccbbb82"}
[2020-02-11 15:59:39] slim-app.INFO: /edit [] {"uid":"3792e03"}
[2020-02-11 15:59:39] slim-app.INFO: /edit [] {"uid":"42b425f"}
[2020-02-11 15:59:39] slim-app.INFO: /edit [] {"uid":"79db0e5"}
[2020-02-11 15:59:39] slim-app.INFO: /edit [] {"uid":"d391128"}
[2020-02-11 15:59:39] slim-app.INFO: /edit [] {"uid":"31c6258"}
[2020-02-11 15:59:39] slim-app.INFO: /edit [] {"uid":"a247441"}
[2020-02-11 15:59:39] slim-app.INFO: /edit [] {"uid":"97d9e0a"}
[2020-02-11 15:59:39] slim-app.INFO: /edit [] {"uid":"25b0563"}
[2020-02-11 15:59:39] slim-app.INFO: /edit [] {"uid":"f76e1cc"}
[2020-02-11 15:59:39] slim-app.INFO: /edit [] {"uid":"0b73692"}
[2020-02-11 15:59:39] slim-app.INFO: /edit [] {"uid":"c19febd"}
[2020-02-11 15:59:39] slim-app.INFO: /edit [] {"uid":"a4bf9fa"}
[2020-02-11 15:59:39] slim-app.INFO: /edit [] {"uid":"d853c9e"}
[2020-02-11 15:59:39] slim-app.INFO: /edit [] {"uid":"92654e6"}
[2020-02-11 15:59:39] slim-app.INFO: /edit [] {"uid":"9db4cbf"}
[2020-02-11 15:59:39] slim-app.INFO: /edit [] {"uid":"1c0a112"}
[2020-02-11 15:59:40] slim-app.INFO: /edit [] {"uid":"400111b"}
[2020-02-11 15:59:40] slim-app.INFO: /edit [] {"uid":"0054f46"}
[2020-02-11 15:59:40] slim-app.INFO: /edit [] {"uid":"02a6aa4"}
[2020-02-11 15:59:40] slim-app.INFO: /edit [] {"uid":"74da92a"}
[2020-02-11 15:59:40] slim-app.INFO: /edit [] {"uid":"f89eb8b"}
[2020-02-11 15:59:40] slim-app.INFO: /edit [] {"uid":"1b5a956"}
[2020-02-11 15:59:40] slim-app.INFO: /edit [] {"uid":"da46b3b"}
[2020-02-11 15:59:40] slim-app.INFO: /edit [] {"uid":"033dbcd"}
[2020-02-11 15:59:40] slim-app.INFO: /edit [] {"uid":"a475443"}
[2020-02-11 15:59:40] slim-app.INFO: /edit [] {"uid":"9342b25"}
[2020-02-11 15:59:40] slim-app.INFO: /edit [] {"uid":"c79f7bd"}
[2020-02-11 15:59:40] slim-app.INFO: /edit [] {"uid":"ed072e5"}
[2020-02-11 15:59:40] slim-app.INFO: /edit [] {"uid":"068ce34"}
[2020-02-11 15:59:40] slim-app.INFO: /edit [] {"uid":"7b10642"}
[2020-02-11 15:59:40] slim-app.INFO: /edit [] {"uid":"0f181a3"}
[2020-02-11 15:59:40] slim-app.INFO: /edit [] {"uid":"fbadc64"}
[2020-02-11 15:59:40] slim-app.INFO: /edit [] {"uid":"fe1af06"}
[2020-02-11 15:59:40] slim-app.INFO: /edit [] {"uid":"64e73c1"}
[2020-02-11 15:59:40] slim-app.INFO: /edit [] {"uid":"d876024"}
[2020-02-11 15:59:40] slim-app.INFO: /edit [] {"uid":"b13732d"}
[2020-02-11 15:59:40] slim-app.INFO: /edit [] {"uid":"85c5303"}
[2020-02-11 15:59:45] slim-app.INFO: /edit [] {"uid":"bc27e25"}
[2020-02-11 15:59:45] slim-app.INFO: /edit [] {"uid":"d2fbe75"}
[2020-02-11 15:59:45] slim-app.INFO: /edit [] {"uid":"5266d7d"}
[2020-02-11 15:59:45] slim-app.INFO: /edit [] {"uid":"7af788e"}
[2020-02-11 15:59:45] slim-app.INFO: /edit [] {"uid":"1cec2eb"}
[2020-02-11 15:59:45] slim-app.INFO: /edit [] {"uid":"6b12cf5"}
[2020-02-11 15:59:45] slim-app.INFO: /edit [] {"uid":"cb148fd"}
[2020-02-11 15:59:45] slim-app.INFO: /edit [] {"uid":"5b14013"}
[2020-02-11 15:59:45] slim-app.INFO: /edit [] {"uid":"58aed84"}
[2020-02-11 15:59:45] slim-app.INFO: /edit [] {"uid":"22cb6b4"}
[2020-02-11 15:59:46] slim-app.INFO: /edit [] {"uid":"5c95340"}
[2020-02-11 15:59:46] slim-app.INFO: /edit [] {"uid":"f5b9eab"}
[2020-02-11 15:59:46] slim-app.INFO: /edit [] {"uid":"6935fd1"}
[2020-02-11 15:59:46] slim-app.INFO: /edit [] {"uid":"df6e703"}
[2020-02-11 15:59:46] slim-app.INFO: /edit [] {"uid":"a6a5945"}
[2020-02-11 15:59:46] slim-app.INFO: /edit [] {"uid":"4672c19"}
[2020-02-11 15:59:46] slim-app.INFO: /edit [] {"uid":"b5314c9"}
[2020-02-11 15:59:46] slim-app.INFO: /edit [] {"uid":"da43246"}
[2020-02-11 15:59:46] slim-app.INFO: /edit [] {"uid":"5e83ce8"}
[2020-02-11 15:59:46] slim-app.INFO: /edit [] {"uid":"006f9f7"}
[2020-02-11 15:59:47] slim-app.INFO: /details [] {"uid":"5e06c90"}
[2020-02-11 16:00:02] slim-app.INFO: /edit [] {"uid":"b6efe88"}
[2020-02-11 16:00:07] slim-app.INFO: /edit [] {"uid":"6454814"}
[2020-02-11 16:00:14] slim-app.INFO: /details [] {"uid":"21d4e2a"}
[2020-02-11 16:00:22] slim-app.INFO: /edit [] {"uid":"5e90b69"}
[2020-02-11 16:00:26] slim-app.INFO: /edit [] {"uid":"92adb39"}
[2020-02-11 16:15:01] slim-app.INFO: /details [] {"uid":"eeab52a"}
[2020-02-11 16:15:02] slim-app.INFO: /edit [] {"uid":"ac72e02"}
[2020-02-11 16:15:05] slim-app.INFO: /edit [] {"uid":"751ceca"}
[2020-02-11 16:25:58] slim-app.INFO: /details [] {"uid":"628e28e"}
[2020-02-11 16:25:59] slim-app.INFO: /edit [] {"uid":"4e42c00"}
[2020-02-11 16:26:01] slim-app.INFO: /edit [] {"uid":"6ae8b9c"}
[2020-02-11 16:42:41] slim-app.INFO: /edit [] {"uid":"9224c9d"}
[2020-02-11 16:42:44] slim-app.INFO: /details [] {"uid":"e5e1611"}
[2020-02-11 16:42:45] slim-app.INFO: /edit [] {"uid":"6250ffd"}
[2020-02-11 16:42:50] slim-app.INFO: /details [] {"uid":"bc7482a"}
[2020-02-11 16:42:52] slim-app.INFO: /edit [] {"uid":"34b3e5e"}
[2020-02-11 17:31:43] slim-app.INFO: /details [] {"uid":"84cee80"}
[2020-02-11 17:31:44] slim-app.INFO: /edit [] {"uid":"47fab21"}
[2020-02-11 17:31:46] slim-app.INFO: /edit [] {"uid":"d6d69a2"}
[2020-02-11 17:31:53] slim-app.INFO: /edit [] {"uid":"0b7ec0a"}
[2020-02-11 17:33:58] slim-app.INFO: /edit [] {"uid":"c05ea10"}
[2020-02-11 17:37:03] slim-app.INFO: /edit [] {"uid":"28c6194"}
[2020-02-11 17:37:05] slim-app.INFO: /edit [] {"uid":"16a7047"}
[2020-02-11 17:37:10] slim-app.INFO: /edit [] {"uid":"bcfff88"}
[2020-02-11 17:37:26] slim-app.INFO: /edit [] {"uid":"0b24752"}
[2020-02-11 17:51:02] slim-app.INFO: /edit [] {"uid":"37e0959"}
[2020-02-11 17:51:05] slim-app.INFO: /edit [] {"uid":"3856551"}
[2020-02-11 17:52:09] slim-app.INFO: /details [] {"uid":"22aeaac"}
[2020-02-11 17:52:10] slim-app.INFO: /edit [] {"uid":"a4c590e"}
[2020-02-11 17:52:13] slim-app.INFO: /edit [] {"uid":"85b9fcb"}
[2020-02-11 17:59:18] slim-app.INFO: /edit [] {"uid":"08cd32a"}
[2020-02-11 18:08:05] slim-app.INFO: /edit [] {"uid":"221ed82"}
[2020-02-11 18:09:48] slim-app.INFO: /edit [] {"uid":"e783697"}
[2020-02-11 18:12:19] slim-app.INFO: /edit [] {"uid":"6def261"}
[2020-02-11 18:16:02] slim-app.INFO: /edit [] {"uid":"ca3c576"}
[2020-02-11 18:25:02] slim-app.INFO: /edit [] {"uid":"6988657"}
[2020-02-12 01:43:46] slim-app.INFO: /edit [] {"uid":"0acc982"}
[2020-02-12 01:49:07] slim-app.INFO: /edit [] {"uid":"8d95310"}
[2020-02-12 01:51:40] slim-app.INFO: /details [] {"uid":"1c9c20d"}
[2020-02-12 01:51:41] slim-app.INFO: /edit [] {"uid":"9f048ef"}
[2020-02-12 01:51:43] slim-app.INFO: /edit [] {"uid":"500340e"}
[2020-02-12 01:51:56] slim-app.INFO: /edit [] {"uid":"4568293"}
[2020-02-12 01:54:46] slim-app.INFO: /edit [] {"uid":"055e82f"}
[2020-02-12 01:54:48] slim-app.INFO: /edit [] {"uid":"4133d3c"}
[2020-02-12 01:54:49] slim-app.INFO: /edit [] {"uid":"c10c7d4"}
[2020-02-12 01:54:50] slim-app.INFO: /edit [] {"uid":"988daf8"}
[2020-02-12 01:54:51] slim-app.INFO: /edit [] {"uid":"d5082b1"}
[2020-02-12 01:54:51] slim-app.INFO: /edit [] {"uid":"ed8d494"}
[2020-02-12 01:54:52] slim-app.INFO: /edit [] {"uid":"2b7a1cc"}
[2020-02-12 01:54:52] slim-app.INFO: /edit [] {"uid":"95aa0cb"}
[2020-02-12 01:54:56] slim-app.INFO: /details [] {"uid":"48c7d2f"}
[2020-02-12 01:54:57] slim-app.INFO: /edit [] {"uid":"01e5e73"}
[2020-02-12 01:58:41] slim-app.INFO: /details [] {"uid":"d2affe8"}
[2020-02-12 01:58:42] slim-app.INFO: /edit [] {"uid":"f97f73a"}
[2020-02-12 01:58:51] slim-app.INFO: /details [] {"uid":"e4ce565"}
[2020-02-12 01:58:52] slim-app.INFO: /edit [] {"uid":"f59d04d"}
[2020-02-12 02:01:48] slim-app.INFO: /edit [] {"uid":"c04b7e6"}
[2020-02-12 02:02:19] slim-app.INFO: /edit [] {"uid":"fccd82f"}
[2020-02-12 02:02:55] slim-app.INFO: /details [] {"uid":"14ed194"}
[2020-02-12 02:02:58] slim-app.INFO: /edit [] {"uid":"bfd5e5e"}
[2020-02-12 02:03:01] slim-app.INFO: /details [] {"uid":"571fb06"}
[2020-02-12 02:03:03] slim-app.INFO: /edit [] {"uid":"1eaa9ac"}
[2020-02-12 02:03:06] slim-app.INFO: /details [] {"uid":"b03c1c0"}
[2020-02-12 02:04:56] slim-app.INFO: /details [] {"uid":"1ff62ce"}
[2020-02-12 02:04:58] slim-app.INFO: /edit [] {"uid":"9578e68"}
[2020-02-12 02:05:00] slim-app.INFO: /details [] {"uid":"fdb080b"}
[2020-02-12 02:10:25] slim-app.INFO: /details [] {"uid":"38b54a0"}
[2020-02-12 02:10:28] slim-app.INFO: /details [] {"uid":"64e9c9e"}
[2020-02-12 02:10:29] slim-app.INFO: /edit [] {"uid":"b58595b"}
[2020-02-12 02:10:37] slim-app.INFO: /details [] {"uid":"b45b083"}
[2020-02-12 02:13:36] slim-app.INFO: /details [] {"uid":"dbb07ea"}
[2020-02-12 02:13:37] slim-app.INFO: /details [] {"uid":"cdb9c7a"}
[2020-02-12 02:13:39] slim-app.INFO: /details [] {"uid":"8afc346"}
[2020-02-12 02:13:40] slim-app.INFO: /edit [] {"uid":"030eed5"}
[2020-02-12 02:13:44] slim-app.INFO: /details [] {"uid":"d0e74f8"}
[2020-02-12 02:14:20] slim-app.INFO: /edit [] {"uid":"67b6c7a"}
[2020-02-12 02:18:01] slim-app.INFO: /edit [] {"uid":"1022e8d"}
[2020-02-12 02:18:02] slim-app.INFO: /details [] {"uid":"816b4c9"}
[2020-02-12 02:18:04] slim-app.INFO: /edit [] {"uid":"3cc1b11"}
[2020-02-12 02:18:10] slim-app.INFO: /edit [] {"uid":"59581e6"}
[2020-02-12 02:18:14] slim-app.INFO: /details [] {"uid":"62bdd39"}
[2020-02-12 02:24:28] slim-app.INFO: /edit [] {"uid":"cb3acce"}
[2020-02-12 02:24:30] slim-app.INFO: /details [] {"uid":"bcdd73a"}
[2020-02-12 02:24:34] slim-app.INFO: /details [] {"uid":"322355a"}
[2020-02-12 02:24:36] slim-app.INFO: /edit [] {"uid":"3d0f613"}
[2020-02-12 02:26:59] slim-app.INFO: /edit [] {"uid":"5aa5b3b"}
[2020-02-12 02:27:50] slim-app.INFO: /edit [] {"uid":"5a005d7"}
[2020-02-12 02:27:50] slim-app.INFO: /edit [] {"uid":"ce7620e"}
[2020-02-12 02:27:51] slim-app.INFO: /details [] {"uid":"aa5a14e"}
[2020-02-12 02:27:54] slim-app.INFO: /details [] {"uid":"076d70a"}
[2020-02-12 02:27:55] slim-app.INFO: /edit [] {"uid":"4471a6e"}
[2020-02-12 02:28:01] slim-app.INFO: /edit [] {"uid":"08ad267"}
[2020-02-12 02:28:03] slim-app.INFO: /edit [] {"uid":"bdb59ed"}
[2020-02-12 02:28:04] slim-app.INFO: /details [] {"uid":"8aa3323"}
[2020-02-12 02:35:00] slim-app.INFO: /edit [] {"uid":"c1a05cf"}
[2020-02-12 02:35:21] slim-app.INFO: /edit [] {"uid":"dcf74e8"}
[2020-02-12 02:35:48] slim-app.INFO: /edit [] {"uid":"41e56a7"}
[2020-02-12 02:35:49] slim-app.INFO: /edit [] {"uid":"f30ce50"}
[2020-02-12 02:35:50] slim-app.INFO: /details [] {"uid":"a832f6b"}
[2020-02-12 02:35:52] slim-app.INFO: /edit [] {"uid":"58ffbe0"}
[2020-02-12 02:35:55] slim-app.INFO: /details [] {"uid":"524088a"}
[2020-02-12 02:37:38] slim-app.INFO: /edit [] {"uid":"4ebb9a1"}
[2020-02-12 02:37:39] slim-app.INFO: /edit [] {"uid":"16e1483"}
[2020-02-12 02:37:41] slim-app.INFO: /edit [] {"uid":"f4f4d0c"}
[2020-02-12 02:37:43] slim-app.INFO: /edit [] {"uid":"aa6aef0"}
[2020-02-12 02:37:44] slim-app.INFO: /edit [] {"uid":"78a7348"}
[2020-02-12 02:37:45] slim-app.INFO: /edit [] {"uid":"b24cbb1"}
[2020-02-12 02:37:46] slim-app.INFO: /edit [] {"uid":"d572c1c"}
[2020-02-12 02:37:54] slim-app.INFO: /edit [] {"uid":"279c98a"}
[2020-02-12 02:38:01] slim-app.INFO: /edit [] {"uid":"a451ee6"}
[2020-02-12 02:38:30] slim-app.INFO: /edit [] {"uid":"9511cc3"}
[2020-02-12 02:39:43] slim-app.INFO: /edit [] {"uid":"cd6b944"}
[2020-02-12 02:40:58] slim-app.INFO: /edit [] {"uid":"089b03d"}
[2020-02-12 02:41:03] slim-app.INFO: /details [] {"uid":"396d881"}
[2020-02-12 02:41:04] slim-app.INFO: /edit [] {"uid":"94219d1"}
[2020-02-12 02:41:16] slim-app.INFO: /details [] {"uid":"3d59990"}
[2020-02-12 02:41:57] slim-app.INFO: /edit [] {"uid":"1279df2"}
[2020-02-12 02:42:05] slim-app.INFO: /edit [] {"uid":"9a9c1b4"}
[2020-02-12 02:42:12] slim-app.INFO: /edit [] {"uid":"6ef3e8a"}
[2020-02-12 02:42:35] slim-app.INFO: /edit [] {"uid":"0fc9e5b"}
[2020-02-12 02:42:39] slim-app.INFO: /edit [] {"uid":"be6c02d"}
[2020-02-12 02:42:54] slim-app.INFO: /edit [] {"uid":"fe58ccf"}
[2020-02-12 02:43:06] slim-app.INFO: /edit [] {"uid":"cfa8560"}
[2020-02-12 02:43:17] slim-app.INFO: /edit [] {"uid":"66a8261"}
[2020-02-12 02:46:54] slim-app.INFO: /edit [] {"uid":"e509471"}
[2020-02-12 02:47:25] slim-app.INFO: /edit [] {"uid":"da11546"}
[2020-02-12 02:48:26] slim-app.INFO: /details [] {"uid":"e499034"}
[2020-02-12 02:48:28] slim-app.INFO: /edit [] {"uid":"6872e7b"}
[2020-02-12 02:48:31] slim-app.INFO: /details [] {"uid":"6159d0e"}
[2020-02-12 02:48:41] slim-app.INFO: /edit [] {"uid":"eb30af1"}
[2020-02-12 02:48:56] slim-app.INFO: /edit [] {"uid":"44df5a5"}
[2020-02-12 02:48:57] slim-app.INFO: /details [] {"uid":"833da6d"}
[2020-02-12 02:48:59] slim-app.INFO: /edit [] {"uid":"93da422"}
[2020-02-12 02:49:01] slim-app.INFO: /details [] {"uid":"e5acad7"}
[2020-02-12 02:49:09] slim-app.INFO: /details [] {"uid":"3d22276"}
[2020-02-12 02:49:10] slim-app.INFO: /edit [] {"uid":"38b647f"}
[2020-02-12 02:49:12] slim-app.INFO: /details [] {"uid":"3261aea"}
[2020-02-12 02:50:56] slim-app.INFO: /edit [] {"uid":"8145837"}
[2020-02-12 02:50:58] slim-app.INFO: /details [] {"uid":"6e67b86"}
[2020-02-12 02:51:17] slim-app.INFO: /details [] {"uid":"6a9a18f"}
[2020-02-12 02:51:19] slim-app.INFO: /edit [] {"uid":"7f077df"}
[2020-02-12 02:51:23] slim-app.INFO: /details [] {"uid":"5e43908"}
[2020-02-12 02:51:48] slim-app.INFO: /details [] {"uid":"a974be9"}
[2020-02-12 02:51:50] slim-app.INFO: /edit [] {"uid":"929ba48"}
[2020-02-12 02:51:52] slim-app.INFO: /edit [] {"uid":"dd18c0a"}
[2020-02-12 02:52:04] slim-app.INFO: /edit [] {"uid":"48ceae2"}
[2020-02-12 02:55:40] slim-app.INFO: /edit [] {"uid":"f5ebf48"}
[2020-02-12 02:55:43] slim-app.INFO: /details [] {"uid":"a0e9085"}
[2020-02-12 02:55:44] slim-app.INFO: /edit [] {"uid":"a8ba2f9"}
[2020-02-12 02:55:54] slim-app.INFO: /details [] {"uid":"9c0689c"}
[2020-02-12 02:55:55] slim-app.INFO: /edit [] {"uid":"e67ae0b"}
[2020-02-12 02:55:55] slim-app.INFO: /edit [] {"uid":"e1dae09"}
[2020-02-12 02:55:55] slim-app.INFO: /edit [] {"uid":"ef14b1e"}
[2020-02-12 02:55:56] slim-app.INFO: /edit [] {"uid":"9a39ed1"}
[2020-02-12 02:55:56] slim-app.INFO: /edit [] {"uid":"b7cd643"}
[2020-02-12 02:55:56] slim-app.INFO: /edit [] {"uid":"38952a8"}
[2020-02-12 02:55:56] slim-app.INFO: /edit [] {"uid":"379c3b6"}
[2020-02-12 02:55:56] slim-app.INFO: /edit [] {"uid":"41886b3"}
[2020-02-12 02:55:56] slim-app.INFO: /edit [] {"uid":"d05d36c"}
[2020-02-12 02:55:56] slim-app.INFO: /edit [] {"uid":"3430ce6"}
[2020-02-12 02:55:56] slim-app.INFO: /edit [] {"uid":"23ec1e1"}
[2020-02-12 02:55:56] slim-app.INFO: /edit [] {"uid":"1f4af8d"}
[2020-02-12 02:55:56] slim-app.INFO: /edit [] {"uid":"3fc1cf0"}
[2020-02-12 02:55:56] slim-app.INFO: /edit [] {"uid":"a0d0497"}
[2020-02-12 02:55:56] slim-app.INFO: /edit [] {"uid":"ad1d15c"}
[2020-02-12 02:55:56] slim-app.INFO: /edit [] {"uid":"b7e4fd3"}
[2020-02-12 02:55:56] slim-app.INFO: /edit [] {"uid":"77a9e47"}
[2020-02-12 02:55:56] slim-app.INFO: /edit [] {"uid":"d190340"}
[2020-02-12 02:55:56] slim-app.INFO: /edit [] {"uid":"25da3f5"}
[2020-02-12 02:55:56] slim-app.INFO: /edit [] {"uid":"80263ae"}
[2020-02-12 02:55:56] slim-app.INFO: /edit [] {"uid":"6fd3056"}
[2020-02-12 02:55:56] slim-app.INFO: /edit [] {"uid":"fb1bf2f"}
[2020-02-12 02:55:56] slim-app.INFO: /edit [] {"uid":"e65c7d8"}
[2020-02-12 02:55:56] slim-app.INFO: /edit [] {"uid":"08bcdcc"}
[2020-02-12 02:55:56] slim-app.INFO: /edit [] {"uid":"c2831e2"}
[2020-02-12 02:55:56] slim-app.INFO: /edit [] {"uid":"91c688a"}
[2020-02-12 02:55:56] slim-app.INFO: /edit [] {"uid":"b249d74"}
[2020-02-12 02:55:56] slim-app.INFO: /edit [] {"uid":"99a29ed"}
[2020-02-12 02:55:56] slim-app.INFO: /edit [] {"uid":"b9ff604"}
[2020-02-12 02:55:56] slim-app.INFO: /edit [] {"uid":"f314bc1"}
[2020-02-12 02:55:56] slim-app.INFO: /edit [] {"uid":"eaddfe7"}
[2020-02-12 02:55:56] slim-app.INFO: /edit [] {"uid":"f882015"}
[2020-02-12 02:55:56] slim-app.INFO: /edit [] {"uid":"7d72688"}
[2020-02-12 02:55:56] slim-app.INFO: /edit [] {"uid":"7b73b02"}
[2020-02-12 02:55:57] slim-app.INFO: /edit [] {"uid":"76b2a68"}
[2020-02-12 02:55:57] slim-app.INFO: /edit [] {"uid":"5f6f05d"}
[2020-02-12 02:55:57] slim-app.INFO: /edit [] {"uid":"6d9e8b3"}
[2020-02-12 02:55:57] slim-app.INFO: /edit [] {"uid":"1ecb96b"}
[2020-02-12 02:55:57] slim-app.INFO: /edit [] {"uid":"1f3cc2e"}
[2020-02-12 02:55:57] slim-app.INFO: /edit [] {"uid":"1a2d01e"}
[2020-02-12 02:56:02] slim-app.INFO: /edit [] {"uid":"9963156"}
[2020-02-12 02:56:02] slim-app.INFO: /edit [] {"uid":"076a8b6"}
[2020-02-12 02:56:02] slim-app.INFO: /edit [] {"uid":"37b5d34"}
[2020-02-12 02:56:02] slim-app.INFO: /edit [] {"uid":"c57032d"}
[2020-02-12 02:56:02] slim-app.INFO: /edit [] {"uid":"7351109"}
[2020-02-12 02:56:02] slim-app.INFO: /edit [] {"uid":"e8116f4"}
[2020-02-12 02:56:02] slim-app.INFO: /edit [] {"uid":"0a2e7df"}
[2020-02-12 02:56:02] slim-app.INFO: /edit [] {"uid":"097f0f5"}
[2020-02-12 02:56:02] slim-app.INFO: /edit [] {"uid":"a848b68"}
[2020-02-12 02:56:02] slim-app.INFO: /edit [] {"uid":"ed56ec1"}
[2020-02-12 02:56:02] slim-app.INFO: /edit [] {"uid":"74d7718"}
[2020-02-12 02:56:02] slim-app.INFO: /edit [] {"uid":"e8e088b"}
[2020-02-12 02:56:02] slim-app.INFO: /edit [] {"uid":"020f933"}
[2020-02-12 02:56:02] slim-app.INFO: /edit [] {"uid":"e8289ed"}
[2020-02-12 02:56:02] slim-app.INFO: /edit [] {"uid":"e1d57c0"}
[2020-02-12 02:56:02] slim-app.INFO: /edit [] {"uid":"c85bfd3"}
[2020-02-12 02:56:02] slim-app.INFO: /edit [] {"uid":"5c8cbd0"}
[2020-02-12 02:56:02] slim-app.INFO: /edit [] {"uid":"908166b"}
[2020-02-12 02:56:02] slim-app.INFO: /edit [] {"uid":"baa2879"}
[2020-02-12 02:56:02] slim-app.INFO: /edit [] {"uid":"b4dac43"}
[2020-02-12 02:56:04] slim-app.INFO: /details [] {"uid":"7e347ea"}
[2020-02-12 02:56:07] slim-app.INFO: /details [] {"uid":"b5eed6a"}
[2020-02-12 02:56:08] slim-app.INFO: /edit [] {"uid":"2cacebc"}
[2020-02-12 02:56:08] slim-app.INFO: /edit [] {"uid":"f0c1115"}
[2020-02-12 02:56:08] slim-app.INFO: /edit [] {"uid":"f4ce874"}
[2020-02-12 02:56:08] slim-app.INFO: /edit [] {"uid":"82322b7"}
[2020-02-12 02:56:08] slim-app.INFO: /edit [] {"uid":"3309070"}
[2020-02-12 02:56:08] slim-app.INFO: /edit [] {"uid":"2c23b5f"}
[2020-02-12 02:56:08] slim-app.INFO: /edit [] {"uid":"7d12418"}
[2020-02-12 02:56:08] slim-app.INFO: /edit [] {"uid":"1dfb2fe"}
[2020-02-12 02:56:08] slim-app.INFO: /edit [] {"uid":"e5970a0"}
[2020-02-12 02:56:08] slim-app.INFO: /edit [] {"uid":"e538499"}
[2020-02-12 02:56:08] slim-app.INFO: /edit [] {"uid":"cdf3baf"}
[2020-02-12 02:56:08] slim-app.INFO: /edit [] {"uid":"2ada955"}
[2020-02-12 02:56:08] slim-app.INFO: /edit [] {"uid":"2e29a0d"}
[2020-02-12 02:56:08] slim-app.INFO: /edit [] {"uid":"52f5af8"}
[2020-02-12 02:56:08] slim-app.INFO: /edit [] {"uid":"b94849d"}
[2020-02-12 02:56:08] slim-app.INFO: /edit [] {"uid":"581b2d3"}
[2020-02-12 02:56:08] slim-app.INFO: /edit [] {"uid":"018526e"}
[2020-02-12 02:56:08] slim-app.INFO: /edit [] {"uid":"be01abb"}
[2020-02-12 02:56:08] slim-app.INFO: /edit [] {"uid":"7a56df5"}
[2020-02-12 02:56:08] slim-app.INFO: /edit [] {"uid":"d773f90"}
[2020-02-12 02:56:09] slim-app.INFO: /edit [] {"uid":"5223bc7"}
[2020-02-12 02:56:09] slim-app.INFO: /edit [] {"uid":"5b02fac"}
[2020-02-12 02:56:09] slim-app.INFO: /edit [] {"uid":"0d4b7d5"}
[2020-02-12 02:56:09] slim-app.INFO: /edit [] {"uid":"a2e0abc"}
[2020-02-12 02:56:09] slim-app.INFO: /edit [] {"uid":"8798865"}
[2020-02-12 02:56:09] slim-app.INFO: /edit [] {"uid":"37379cd"}
[2020-02-12 02:56:09] slim-app.INFO: /edit [] {"uid":"f025620"}
[2020-02-12 02:56:09] slim-app.INFO: /edit [] {"uid":"38de0c9"}
[2020-02-12 02:56:09] slim-app.INFO: /edit [] {"uid":"16df905"}
[2020-02-12 02:56:09] slim-app.INFO: /edit [] {"uid":"740762d"}
[2020-02-12 02:56:09] slim-app.INFO: /edit [] {"uid":"0331416"}
[2020-02-12 02:56:09] slim-app.INFO: /edit [] {"uid":"fad77c7"}
[2020-02-12 02:56:09] slim-app.INFO: /edit [] {"uid":"b0452fc"}
[2020-02-12 02:56:09] slim-app.INFO: /edit [] {"uid":"926129f"}
[2020-02-12 02:56:09] slim-app.INFO: /edit [] {"uid":"f42c10b"}
[2020-02-12 02:56:09] slim-app.INFO: /edit [] {"uid":"9fd6909"}
[2020-02-12 02:56:09] slim-app.INFO: /edit [] {"uid":"f474764"}
[2020-02-12 02:56:09] slim-app.INFO: /edit [] {"uid":"1e926f8"}
[2020-02-12 02:56:09] slim-app.INFO: /edit [] {"uid":"c70a6f3"}
[2020-02-12 02:56:09] slim-app.INFO: /edit [] {"uid":"d63e1db"}
[2020-02-12 02:56:10] slim-app.INFO: /details [] {"uid":"e7a8b0c"}
[2020-02-12 02:56:21] slim-app.INFO: /edit [] {"uid":"f3b3c13"}
[2020-02-12 02:56:49] slim-app.INFO: /edit [] {"uid":"04468f7"}
[2020-02-12 02:56:56] slim-app.INFO: /details [] {"uid":"86f5e75"}
[2020-02-12 02:56:57] slim-app.INFO: /edit [] {"uid":"95a096b"}
[2020-02-12 03:00:28] slim-app.INFO: /details [] {"uid":"806369e"}
[2020-02-12 03:00:33] slim-app.INFO: /details [] {"uid":"4dcceaa"}
[2020-02-12 03:00:38] slim-app.INFO: /details [] {"uid":"793e6aa"}
[2020-02-12 03:00:42] slim-app.INFO: /details [] {"uid":"18d0bf6"}
[2020-02-12 03:00:48] slim-app.INFO: /details [] {"uid":"b7caeaf"}
[2020-02-12 03:00:52] slim-app.INFO: /details [] {"uid":"1dd5f4a"}
[2020-02-12 03:01:16] slim-app.INFO: /details [] {"uid":"5dd77ca"}
[2020-02-12 03:01:48] slim-app.INFO: /details [] {"uid":"70e7f8d"}
[2020-02-12 03:02:00] slim-app.INFO: /details [] {"uid":"67dfe12"}
[2020-02-12 03:02:01] slim-app.INFO: /edit [] {"uid":"b4be075"}
[2020-02-12 03:03:40] slim-app.INFO: /edit [] {"uid":"34a9979"}
[2020-02-12 03:06:47] slim-app.INFO: /details [] {"uid":"412557f"}
[2020-02-12 03:06:48] slim-app.INFO: /edit [] {"uid":"fcd9a07"}
[2020-02-12 03:06:57] slim-app.INFO: /details [] {"uid":"d8950f8"}
[2020-02-12 03:07:20] slim-app.INFO: /details [] {"uid":"2566363"}
[2020-02-12 03:07:23] slim-app.INFO: /details [] {"uid":"b01b98d"}
[2020-02-12 03:07:32] slim-app.INFO: /details [] {"uid":"86e906a"}
[2020-02-12 03:07:33] slim-app.INFO: /edit [] {"uid":"6db21ec"}
[2020-02-12 03:07:47] slim-app.INFO: /details [] {"uid":"cc26e26"}
[2020-02-12 03:08:46] slim-app.INFO: /edit [] {"uid":"12d0901"}
[2020-02-12 03:08:48] slim-app.INFO: /details [] {"uid":"5d551c4"}
[2020-02-12 03:10:43] slim-app.INFO: /edit [] {"uid":"dcce8e3"}
[2020-02-12 03:10:46] slim-app.INFO: /details [] {"uid":"41be40d"}
[2020-02-12 03:10:58] slim-app.INFO: /edit [] {"uid":"5fb673a"}
[2020-02-12 03:11:02] slim-app.INFO: /details [] {"uid":"09df329"}
[2020-02-12 03:11:08] slim-app.INFO: /edit [] {"uid":"274fb37"}
[2020-02-12 03:11:10] slim-app.INFO: /details [] {"uid":"4c1f1b8"}
[2020-02-12 03:15:26] slim-app.INFO: /details [] {"uid":"776e049"}
[2020-02-12 03:15:27] slim-app.INFO: /edit [] {"uid":"88ecee0"}
[2020-02-12 03:15:46] slim-app.INFO: /edit [] {"uid":"80884e6"}
[2020-02-12 03:24:00] slim-app.INFO: /edit [] {"uid":"c44a4a2"}
[2020-02-12 03:24:03] slim-app.INFO: /details [] {"uid":"9d68498"}
[2020-02-12 03:24:04] slim-app.INFO: /edit [] {"uid":"77abb81"}
[2020-02-12 03:26:39] slim-app.INFO: /edit [] {"uid":"f470d7a"}
[2020-02-12 03:28:53] slim-app.INFO: /details [] {"uid":"63d406e"}
[2020-02-12 03:29:22] slim-app.INFO: /details [] {"uid":"af3c2ef"}
[2020-02-12 03:29:26] slim-app.INFO: /details [] {"uid":"53547d2"}
[2020-02-12 03:29:59] slim-app.INFO: /details [] {"uid":"f768c95"}
[2020-02-12 03:30:36] slim-app.INFO: /details [] {"uid":"fb9380d"}
[2020-02-12 03:30:39] slim-app.INFO: /details [] {"uid":"4c7827a"}
[2020-02-12 03:31:45] slim-app.INFO: /details [] {"uid":"2761525"}
[2020-02-12 03:32:13] slim-app.INFO: /details [] {"uid":"1ef22c5"}
[2020-02-12 03:32:27] slim-app.INFO: /details [] {"uid":"a5c3ce7"}
[2020-02-12 03:32:45] slim-app.INFO: /details [] {"uid":"babae9a"}
[2020-02-12 03:35:06] slim-app.INFO: /details [] {"uid":"8f0ecf3"}
[2020-02-12 03:37:55] slim-app.INFO: /details [] {"uid":"18d3590"}
[2020-02-12 03:37:56] slim-app.INFO: /edit [] {"uid":"1fceed7"}
[2020-02-12 03:37:59] slim-app.INFO: /edit [] {"uid":"2a270e7"}
[2020-02-12 03:41:25] slim-app.INFO: /edit [] {"uid":"391ae8a"}
[2020-02-12 03:44:04] slim-app.INFO: /edit [] {"uid":"06423d5"}
[2020-02-12 03:46:37] slim-app.INFO: /edit [] {"uid":"a9dd004"}
[2020-02-12 03:47:10] slim-app.INFO: /edit [] {"uid":"9b09cf0"}
[2020-02-12 03:48:09] slim-app.INFO: /edit [] {"uid":"6c996fe"}
[2020-02-12 03:53:38] slim-app.INFO: /edit [] {"uid":"24860b5"}
[2020-02-12 03:55:25] slim-app.INFO: /edit [] {"uid":"ef73be0"}
[2020-02-12 03:56:03] slim-app.INFO: /edit [] {"uid":"d9dab44"}
[2020-02-12 03:56:09] slim-app.INFO: /details [] {"uid":"1a2dc2e"}
[2020-02-12 03:56:10] slim-app.INFO: /edit [] {"uid":"e7191ee"}
[2020-02-12 04:04:38] slim-app.INFO: /details [] {"uid":"5e22d43"}
[2020-02-12 04:04:44] slim-app.INFO: /details [] {"uid":"276ca7b"}
[2020-02-12 04:16:44] slim-app.INFO: /details [] {"uid":"e4664fe"}
[2020-02-12 04:17:20] slim-app.INFO: /edit [] {"uid":"0594df8"}
[2020-02-12 04:17:34] slim-app.INFO: /edit [] {"uid":"1fd27bf"}
[2020-02-12 04:20:07] slim-app.INFO: /edit [] {"uid":"6422cd9"}
[2020-02-12 04:20:08] slim-app.INFO: /edit [] {"uid":"7a181f4"}
[2020-02-12 04:20:10] slim-app.INFO: /details [] {"uid":"2bd5ecc"}
[2020-02-12 04:20:12] slim-app.INFO: /edit [] {"uid":"8f9be91"}
[2020-02-12 14:14:04] slim-app.INFO: /edit [] {"uid":"7863564"}
[2020-02-12 14:35:03] slim-app.INFO: /edit [] {"uid":"61705e3"}
[2020-02-12 14:35:05] slim-app.INFO: /edit [] {"uid":"85ae74f"}
[2020-02-12 14:36:44] slim-app.INFO: /details [] {"uid":"f4c1f7b"}
[2020-02-12 14:53:43] slim-app.INFO: /details [] {"uid":"eb1d3b1"}
[2020-02-12 14:53:44] slim-app.INFO: /edit [] {"uid":"1b346d2"}
[2020-02-12 14:53:48] slim-app.INFO: /edit [] {"uid":"c795014"}
[2020-02-12 14:53:48] slim-app.INFO: /details [] {"uid":"383b28a"}
[2020-02-12 14:53:50] slim-app.INFO: /edit [] {"uid":"127e5d9"}
[2020-02-12 14:55:25] slim-app.INFO: /edit [] {"uid":"feed03f"}
[2020-02-12 14:55:26] slim-app.INFO: /details [] {"uid":"b323f74"}
[2020-02-12 15:03:22] slim-app.INFO: /details [] {"uid":"a98b864"}
[2020-02-12 15:03:25] slim-app.INFO: /edit [] {"uid":"6dbaff5"}
[2020-02-12 15:03:39] slim-app.INFO: /edit [] {"uid":"1966d23"}
[2020-02-12 15:03:39] slim-app.INFO: /details [] {"uid":"435e5bd"}
[2020-02-12 15:03:43] slim-app.INFO: /details [] {"uid":"91f6b03"}
[2020-02-12 15:03:47] slim-app.INFO: /details [] {"uid":"be687ad"}
[2020-02-12 15:03:49] slim-app.INFO: /edit [] {"uid":"5497420"}
[2020-02-12 15:05:21] slim-app.INFO: /edit [] {"uid":"75957ac"}
[2020-02-12 15:05:21] slim-app.INFO: /details [] {"uid":"e931bcf"}
[2020-02-12 15:05:29] slim-app.INFO: /details [] {"uid":"327d111"}
[2020-02-12 15:05:30] slim-app.INFO: /edit [] {"uid":"e86c7f2"}
[2020-02-12 15:07:09] slim-app.INFO: /edit [] {"uid":"ed4110f"}
[2020-02-12 15:07:09] slim-app.INFO: /details [] {"uid":"3d940b8"}
[2020-02-12 15:07:18] slim-app.INFO: /details [] {"uid":"5802e22"}
[2020-02-12 15:07:23] slim-app.INFO: /details [] {"uid":"6e6a0ff"}
[2020-02-12 15:07:24] slim-app.INFO: /edit [] {"uid":"1f6b2ce"}
[2020-02-12 15:07:40] slim-app.INFO: /edit [] {"uid":"86c5435"}
[2020-02-12 15:07:41] slim-app.INFO: /details [] {"uid":"72cd9cf"}
[2020-02-12 15:07:45] slim-app.INFO: /details [] {"uid":"ef38499"}
[2020-02-12 15:07:46] slim-app.INFO: /edit [] {"uid":"051eb2a"}
[2020-02-12 15:07:52] slim-app.INFO: /details [] {"uid":"ff70c7d"}
[2020-02-12 15:07:56] slim-app.INFO: /edit [] {"uid":"082222c"}
[2020-02-12 15:11:20] slim-app.INFO: /details [] {"uid":"a600fc8"}
[2020-02-12 15:11:21] slim-app.INFO: /edit [] {"uid":"3137158"}
[2020-02-12 15:11:36] slim-app.INFO: /edit [] {"uid":"9bd6350"}
[2020-02-12 15:11:37] slim-app.INFO: /details [] {"uid":"5ac1789"}
[2020-02-12 15:44:52] slim-app.INFO: /details [] {"uid":"9d6fc60"}
[2020-02-12 15:44:54] slim-app.INFO: /edit [] {"uid":"5f391e6"}
[2020-02-12 15:46:14] slim-app.INFO: /details [] {"uid":"86d8848"}
[2020-02-12 15:46:15] slim-app.INFO: /edit [] {"uid":"82dc92b"}
[2020-02-12 15:46:21] slim-app.INFO: /edit [] {"uid":"3a88f8c"}
[2020-02-12 15:46:21] slim-app.INFO: /details [] {"uid":"f6dbe65"}
[2020-02-12 15:46:29] slim-app.INFO: /details [] {"uid":"7d2d2bd"}
[2020-02-12 15:46:48] slim-app.INFO: /details [] {"uid":"8d9aed6"}
[2020-02-12 15:46:50] slim-app.INFO: /edit [] {"uid":"d3d15ec"}
[2020-02-12 15:47:21] slim-app.INFO: /edit [] {"uid":"50e6e4c"}
[2020-02-12 15:47:21] slim-app.INFO: /details [] {"uid":"14c24aa"}
[2020-02-12 15:47:32] slim-app.INFO: /details [] {"uid":"029dd83"}
[2020-02-12 15:56:01] slim-app.INFO: /details [] {"uid":"5538dca"}
[2020-02-12 15:57:32] slim-app.INFO: /details [] {"uid":"c0edbfd"}
[2020-02-12 15:59:45] slim-app.INFO: /details [] {"uid":"16e05ab"}
[2020-02-12 15:59:58] slim-app.INFO: /details [] {"uid":"4f8a928"}
[2020-02-12 16:03:41] slim-app.INFO: /details [] {"uid":"6e6190d"}
[2020-02-12 16:03:42] slim-app.INFO: /details [] {"uid":"b8dbbee"}
[2020-02-12 16:04:16] slim-app.INFO: /details [] {"uid":"0e5756f"}
[2020-02-12 16:04:36] slim-app.INFO: /details [] {"uid":"37f244e"}
[2020-02-12 16:11:37] slim-app.INFO: /details [] {"uid":"1cc0fd9"}
[2020-02-12 16:11:39] slim-app.INFO: /details [] {"uid":"c0c1297"}
[2020-02-12 16:14:58] slim-app.INFO: /details [] {"uid":"77f189f"}
[2020-02-12 16:15:11] slim-app.INFO: /details [] {"uid":"9f1f03c"}
[2020-02-12 16:15:47] slim-app.INFO: /details [] {"uid":"eb94fa0"}
[2020-02-12 16:15:57] slim-app.INFO: /edit [] {"uid":"ebece84"}
[2020-02-12 16:16:01] slim-app.INFO: /edit [] {"uid":"088278b"}
[2020-02-12 16:16:01] slim-app.INFO: /details [] {"uid":"64a046b"}
[2020-02-12 16:16:26] slim-app.INFO: /details [] {"uid":"6433f7d"}
[2020-02-12 16:16:49] slim-app.INFO: /details [] {"uid":"31e2d14"}
[2020-02-12 17:50:51] slim-app.INFO: /details [] {"uid":"4cdb28b"}
[2020-02-12 17:50:57] slim-app.INFO: /details [] {"uid":"9f13e67"}
[2020-02-12 17:54:37] slim-app.INFO: /details [] {"uid":"e0c8688"}
[2020-02-12 17:55:30] slim-app.INFO: /details [] {"uid":"2b12739"}
[2020-02-12 17:55:43] slim-app.INFO: /details [] {"uid":"4c8ed43"}
[2020-02-12 17:55:44] slim-app.INFO: /details [] {"uid":"301409a"}
[2020-02-12 17:55:51] slim-app.INFO: /details [] {"uid":"b309b93"}
[2020-02-12 17:55:52] slim-app.INFO: /details [] {"uid":"75101dd"}
[2020-02-12 17:56:09] slim-app.INFO: /details [] {"uid":"448a8a6"}
[2020-02-12 17:56:10] slim-app.INFO: /details [] {"uid":"51f56c4"}
[2020-02-12 17:56:11] slim-app.INFO: /details [] {"uid":"cebc6e7"}
[2020-02-12 17:56:11] slim-app.INFO: /details [] {"uid":"65d347f"}
[2020-02-12 17:56:14] slim-app.INFO: /details [] {"uid":"6c521ad"}
[2020-02-12 17:56:30] slim-app.INFO: /details [] {"uid":"01c1c81"}
[2020-02-12 17:56:31] slim-app.INFO: /details [] {"uid":"d4761cd"}
[2020-02-12 17:56:38] slim-app.INFO: /details [] {"uid":"fba9c29"}
[2020-02-12 18:01:17] slim-app.INFO: /details [] {"uid":"b35b754"}
[2020-02-12 18:01:27] slim-app.INFO: /details [] {"uid":"6617da1"}
[2020-02-12 18:01:46] slim-app.INFO: /details [] {"uid":"d8db45e"}
[2020-02-12 18:02:27] slim-app.INFO: /details [] {"uid":"d7e6e46"}
[2020-02-12 18:04:14] slim-app.INFO: /details [] {"uid":"749cb78"}
[2020-02-12 18:04:15] slim-app.INFO: /details [] {"uid":"7eafc97"}
[2020-02-12 18:04:15] slim-app.INFO: /details [] {"uid":"e19245b"}
[2020-02-12 18:04:15] slim-app.INFO: /details [] {"uid":"40a9d63"}
[2020-02-12 18:05:04] slim-app.INFO: /details [] {"uid":"dafef01"}
[2020-02-13 12:07:52] slim-app.INFO: /details [] {"uid":"121379b"}
[2020-02-13 12:10:16] slim-app.INFO: /details [] {"uid":"d6a7c72"}
[2020-02-13 12:10:29] slim-app.INFO: /details [] {"uid":"bcd58b2"}
[2020-02-13 12:10:30] slim-app.INFO: /details [] {"uid":"31a4556"}
[2020-02-13 12:10:31] slim-app.INFO: /details [] {"uid":"8ff04d0"}
[2020-02-13 12:10:45] slim-app.INFO: /details [] {"uid":"acff816"}
[2020-02-13 12:10:58] slim-app.INFO: /details [] {"uid":"755187d"}
[2020-02-13 12:12:47] slim-app.INFO: /details [] {"uid":"627b8e6"}
[2020-02-13 12:13:13] slim-app.INFO: /details [] {"uid":"b505ca7"}
[2020-02-13 12:13:21] slim-app.INFO: /details [] {"uid":"4a58cb4"}
[2020-02-13 12:21:57] slim-app.INFO: /details [] {"uid":"48db175"}
[2020-02-13 12:23:58] slim-app.INFO: /details [] {"uid":"2d8adfa"}
[2020-02-13 12:24:02] slim-app.INFO: /details [] {"uid":"2691ee5"}
[2020-02-13 12:28:42] slim-app.INFO: /details [] {"uid":"8000f62"}
[2020-02-13 12:28:53] slim-app.INFO: /details [] {"uid":"8bbb627"}
[2020-02-13 12:29:00] slim-app.INFO: /details [] {"uid":"ea6feb3"}
[2020-02-13 12:31:38] slim-app.INFO: /details [] {"uid":"6eb85c8"}
[2020-02-13 12:31:55] slim-app.INFO: /details [] {"uid":"e1aca24"}
[2020-02-13 12:31:58] slim-app.INFO: /edit [] {"uid":"65543ca"}
[2020-02-13 12:32:03] slim-app.INFO: /edit [] {"uid":"cce1711"}
[2020-02-13 12:32:03] slim-app.INFO: /details [] {"uid":"98032ca"}
[2020-02-13 12:32:11] slim-app.INFO: /details [] {"uid":"6aa1430"}
[2020-02-13 12:32:24] slim-app.INFO: /details [] {"uid":"5b5700d"}
[2020-02-13 12:32:25] slim-app.INFO: /edit [] {"uid":"39c20ed"}
[2020-02-13 12:33:41] slim-app.INFO: /edit [] {"uid":"2741ecf"}
[2020-02-13 12:33:44] slim-app.INFO: /edit [] {"uid":"bfd5875"}
[2020-02-13 12:33:44] slim-app.INFO: /details [] {"uid":"9e2cf28"}
[2020-02-13 12:34:14] slim-app.INFO: /details [] {"uid":"c702e51"}
[2020-02-13 12:34:19] slim-app.INFO: /edit [] {"uid":"e883ffc"}
[2020-02-13 12:34:26] slim-app.INFO: /edit [] {"uid":"dc83596"}
[2020-02-13 12:34:26] slim-app.INFO: /details [] {"uid":"3732858"}
[2020-02-13 12:34:34] slim-app.INFO: /details [] {"uid":"2edc99f"}
[2020-02-13 12:36:43] slim-app.INFO: /details [] {"uid":"a4050be"}
[2020-02-13 12:36:54] slim-app.INFO: /details [] {"uid":"4f4f114"}
[2020-02-13 12:38:18] slim-app.INFO: /details [] {"uid":"3def2e9"}
[2020-02-13 12:38:39] slim-app.INFO: /details [] {"uid":"577dcfc"}
[2020-02-13 12:38:46] slim-app.INFO: /details [] {"uid":"117e616"}
[2020-02-13 12:44:59] slim-app.INFO: /details [] {"uid":"267273a"}
[2020-02-13 12:47:43] slim-app.INFO: /details [] {"uid":"4ac56aa"}
[2020-02-13 12:48:05] slim-app.INFO: /details [] {"uid":"1562f5a"}
[2020-02-13 12:51:41] slim-app.INFO: /details [] {"uid":"c2d3db1"}
[2020-02-13 12:51:48] slim-app.INFO: /details [] {"uid":"e5678d2"}
[2020-02-13 12:53:45] slim-app.INFO: /details [] {"uid":"571a512"}
[2020-02-13 12:54:13] slim-app.INFO: /details [] {"uid":"70ae4b9"}
[2020-02-13 13:02:29] slim-app.INFO: /details [] {"uid":"703a3e1"}
[2020-02-13 13:02:29] slim-app.INFO: /details [] {"uid":"703a3e1"}
[2020-02-13 13:03:04] slim-app.INFO: /details [] {"uid":"1a5253d"}
[2020-02-13 13:03:04] slim-app.INFO: /details [] {"uid":"1a5253d"}
[2020-02-13 13:03:15] slim-app.INFO: /details [] {"uid":"e516860"}
[2020-02-13 13:03:15] slim-app.INFO: /details [] {"uid":"e516860"}
[2020-02-13 13:08:03] slim-app.INFO: /details [] {"uid":"cde9efe"}
[2020-02-13 13:08:05] slim-app.INFO: /details [] {"uid":"2cb80af"}
[2020-02-13 13:08:06] slim-app.INFO: /details [] {"uid":"121d947"}
[2020-02-13 13:08:15] slim-app.INFO: /details [] {"uid":"1a040d2"}
[2020-02-13 13:08:24] slim-app.INFO: /details [] {"uid":"b445b4f"}
[2020-02-13 13:09:52] slim-app.INFO: /details [] {"uid":"9825c99"}
[2020-02-13 13:10:46] slim-app.INFO: /details [] {"uid":"f41ef23"}
[2020-02-13 13:19:50] slim-app.INFO: /details [] {"uid":"b14cb70"}
[2020-02-13 13:22:18] slim-app.INFO: /details [] {"uid":"922a94c"}
[2020-02-13 13:22:27] slim-app.INFO: /details [] {"uid":"7fd6556"}
[2020-02-13 13:23:49] slim-app.INFO: /details [] {"uid":"be69699"}
[2020-02-13 13:23:58] slim-app.INFO: /details [] {"uid":"31597bf"}
[2020-02-13 13:40:00] slim-app.INFO: /details [] {"uid":"f454011"}
[2020-02-13 13:40:06] slim-app.INFO: /details [] {"uid":"c3311ec"}
[2020-02-13 13:40:41] slim-app.INFO: /details [] {"uid":"32ed11e"}
[2020-02-13 13:40:43] slim-app.INFO: /details [] {"uid":"400dbd5"}
[2020-02-13 13:40:48] slim-app.INFO: /details [] {"uid":"8fc4fec"}
[2020-02-13 13:44:31] slim-app.INFO: /details [] {"uid":"d933368"}
[2020-02-13 13:44:40] slim-app.INFO: /details [] {"uid":"d23f1f1"}
[2020-02-13 13:46:28] slim-app.INFO: /details [] {"uid":"dc15a84"}
[2020-02-13 13:46:32] slim-app.INFO: /details [] {"uid":"c7596e0"}
[2020-02-13 13:46:38] slim-app.INFO: /details [] {"uid":"e39b190"}
[2020-02-13 13:49:42] slim-app.INFO: /details [] {"uid":"6270f8e"}
[2020-02-13 13:49:58] slim-app.INFO: /details [] {"uid":"8fa537f"}
[2020-02-13 13:49:58] slim-app.INFO: /details [] {"uid":"9baf5db"}
[2020-02-13 13:50:08] slim-app.INFO: /details [] {"uid":"746c9a9"}
[2020-02-13 13:50:37] slim-app.INFO: /details [] {"uid":"b19d1fa"}
[2020-02-13 13:50:41] slim-app.INFO: /details [] {"uid":"7ecf6f0"}
[2020-02-13 13:50:50] slim-app.INFO: /details [] {"uid":"b07c439"}
[2020-02-13 13:51:31] slim-app.INFO: /details [] {"uid":"ba44932"}
[2020-02-13 13:52:08] slim-app.INFO: /details [] {"uid":"c10fee0"}
[2020-02-13 13:52:18] slim-app.INFO: /details [] {"uid":"31df197"}
[2020-02-13 13:54:00] slim-app.INFO: /details [] {"uid":"6fccf4f"}
[2020-02-13 13:54:01] slim-app.INFO: /edit [] {"uid":"1629425"}
[2020-02-13 13:54:07] slim-app.INFO: /edit [] {"uid":"fcd54a1"}
[2020-02-13 13:54:07] slim-app.INFO: /details [] {"uid":"6d1e8ef"}
[2020-02-13 13:55:17] slim-app.INFO: /details [] {"uid":"cb396da"}
[2020-02-13 13:55:18] slim-app.INFO: /edit [] {"uid":"d59d129"}
[2020-02-13 13:55:21] slim-app.INFO: /details [] {"uid":"4be8097"}
[2020-02-13 13:55:23] slim-app.INFO: /edit [] {"uid":"7f92c3f"}
[2020-02-13 13:55:37] slim-app.INFO: /edit [] {"uid":"21a6c56"}
[2020-02-13 13:55:37] slim-app.INFO: /details [] {"uid":"140f764"}
[2020-02-13 13:55:49] slim-app.INFO: /details [] {"uid":"93200ab"}
[2020-02-13 13:55:50] slim-app.INFO: /edit [] {"uid":"0578da5"}
[2020-02-13 14:00:36] slim-app.INFO: /details [] {"uid":"715d582"}
[2020-02-13 14:00:44] slim-app.INFO: /details [] {"uid":"5a75008"}
[2020-02-13 14:02:13] slim-app.INFO: /details [] {"uid":"6d5a727"}
[2020-02-13 14:05:52] slim-app.INFO: /details [] {"uid":"77ce916"}
[2020-02-13 14:06:01] slim-app.INFO: /details [] {"uid":"b52b2aa"}
[2020-02-13 14:09:24] slim-app.INFO: /details [] {"uid":"5a1a77b"}
[2020-02-13 14:09:29] slim-app.INFO: /edit [] {"uid":"9c10e62"}
[2020-02-13 14:09:34] slim-app.INFO: /edit [] {"uid":"a205358"}
[2020-02-13 14:09:34] slim-app.INFO: /details [] {"uid":"9610f4b"}
[2020-02-13 14:10:08] slim-app.INFO: /details [] {"uid":"162d95e"}
[2020-02-13 14:13:01] slim-app.INFO: /details [] {"uid":"9868dcf"}
[2020-02-13 14:13:07] slim-app.INFO: /details [] {"uid":"64d0b91"}
[2020-02-13 14:13:38] slim-app.INFO: /details [] {"uid":"1c09404"}
[2020-02-13 14:13:46] slim-app.INFO: /details [] {"uid":"4abce4e"}
[2020-02-13 14:14:57] slim-app.INFO: /details [] {"uid":"992a8ff"}
[2020-02-13 14:15:04] slim-app.INFO: /details [] {"uid":"d841911"}
[2020-02-13 14:16:41] slim-app.INFO: /details [] {"uid":"16eae90"}
[2020-02-13 14:21:49] slim-app.INFO: /details [] {"uid":"3b1168c"}
[2020-02-13 14:22:04] slim-app.INFO: /details [] {"uid":"2d57658"}
[2020-02-13 14:23:15] slim-app.INFO: /details [] {"uid":"2a80968"}
[2020-02-13 14:23:22] slim-app.INFO: /details [] {"uid":"336ab62"}
[2020-02-13 14:27:04] slim-app.INFO: /details [] {"uid":"f0a361a"}
[2020-02-13 14:33:10] slim-app.INFO: /details [] {"uid":"5d8ee84"}
[2020-02-13 14:37:38] slim-app.INFO: /details [] {"uid":"8d44c7b"}
[2020-02-13 14:37:40] slim-app.INFO: /details [] {"uid":"d34a1d5"}
[2020-02-13 14:37:42] slim-app.INFO: /edit [] {"uid":"8258032"}
[2020-02-13 14:37:55] slim-app.INFO: /edit [] {"uid":"44fc132"}
[2020-02-13 14:37:55] slim-app.INFO: /details [] {"uid":"8b26f5c"}
[2020-02-13 14:38:33] slim-app.INFO: /details [] {"uid":"73b6837"}
[2020-02-13 14:43:16] slim-app.INFO: /details [] {"uid":"f08bbed"}
[2020-02-13 15:41:06] slim-app.INFO: /details [] {"uid":"5a4abec"}
[2020-02-13 15:45:06] slim-app.INFO: /details [] {"uid":"5d3bc52"}
[2020-02-13 15:45:07] slim-app.INFO: /edit [] {"uid":"c949e5c"}
[2020-02-13 15:45:09] slim-app.INFO: /edit [] {"uid":"7f05266"}
[2020-02-13 15:45:09] slim-app.INFO: /details [] {"uid":"f8cc125"}
[2020-02-13 15:53:39] slim-app.INFO: /details [] {"uid":"a1e2072"}
[2020-02-13 15:55:03] slim-app.INFO: /details [] {"uid":"5edf912"}
[2020-02-13 15:56:02] slim-app.INFO: /details [] {"uid":"2a3afd3"}
[2020-02-13 16:04:43] slim-app.INFO: /details [] {"uid":"e2682b7"}
[2020-02-13 16:29:32] slim-app.INFO: /details [] {"uid":"8d99a1a"}
[2020-02-13 17:25:03] slim-app.INFO: /details [] {"uid":"25513a0"}
[2020-02-13 17:25:12] slim-app.INFO: /details [] {"uid":"71c5c5f"}
[2020-02-13 17:25:33] slim-app.INFO: /details [] {"uid":"50526da"}
[2020-02-13 17:25:34] slim-app.INFO: /details [] {"uid":"df10437"}
[2020-02-13 17:25:35] slim-app.INFO: /details [] {"uid":"30733b9"}
[2020-02-13 17:25:35] slim-app.INFO: /details [] {"uid":"4327851"}
[2020-02-14 01:25:56] slim-app.INFO: /details [] {"uid":"0c491d3"}
[2020-02-14 01:26:03] slim-app.INFO: /details [] {"uid":"c0517bd"}
[2020-02-14 01:26:11] slim-app.INFO: /details [] {"uid":"ad12c4f"}
[2020-02-14 01:26:14] slim-app.INFO: /details [] {"uid":"0cbffbc"}
[2020-02-14 01:26:17] slim-app.INFO: /details [] {"uid":"ef897b1"}
[2020-02-14 01:26:22] slim-app.INFO: /details [] {"uid":"8d85fd0"}
[2020-02-14 01:26:27] slim-app.INFO: /details [] {"uid":"6b01433"}
[2020-02-14 01:26:30] slim-app.INFO: /details [] {"uid":"5f12ee9"}
[2020-02-14 01:26:34] slim-app.INFO: /details [] {"uid":"9d427ea"}
[2020-02-14 01:26:38] slim-app.INFO: /details [] {"uid":"499727e"}
[2020-02-14 01:32:18] slim-app.INFO: /details [] {"uid":"529f200"}
[2020-02-14 01:32:29] slim-app.INFO: /details [] {"uid":"9c4d405"}
[2020-02-14 01:32:50] slim-app.INFO: /details [] {"uid":"d1428a8"}
[2020-02-14 01:35:45] slim-app.INFO: /details [] {"uid":"4c92667"}
[2020-02-14 01:35:46] slim-app.INFO: /details [] {"uid":"a5a6950"}
[2020-02-14 01:35:58] slim-app.INFO: /details [] {"uid":"e2aadb2"}
[2020-02-14 01:36:00] slim-app.INFO: /details [] {"uid":"e12ee93"}
[2020-02-14 02:26:44] slim-app.INFO: /details [] {"uid":"62548eb"}
[2020-02-14 02:26:53] slim-app.INFO: /details [] {"uid":"42b977e"}
[2020-02-14 02:32:59] slim-app.INFO: /details [] {"uid":"c91f5a8"}
[2020-02-14 02:33:08] slim-app.INFO: /details [] {"uid":"953ca52"}
[2020-02-14 02:33:13] slim-app.INFO: /details [] {"uid":"4af55cb"}
[2020-02-14 02:39:37] slim-app.INFO: /details [] {"uid":"8a93ee3"}
[2020-02-14 02:42:00] slim-app.INFO: /details [] {"uid":"e85db22"}
[2020-02-14 02:43:08] slim-app.INFO: /details [] {"uid":"b2c05ab"}
[2020-02-14 02:44:47] slim-app.INFO: /details [] {"uid":"9af655c"}
[2020-02-14 02:45:22] slim-app.INFO: /details [] {"uid":"759e338"}
[2020-02-14 02:46:52] slim-app.INFO: /details [] {"uid":"ad36c1d"}
[2020-02-14 02:46:55] slim-app.INFO: /details [] {"uid":"3a7d10f"}
[2020-02-14 02:51:02] slim-app.INFO: /details [] {"uid":"0dea545"}
[2020-02-14 02:51:44] slim-app.INFO: /details [] {"uid":"f1ca8c0"}
[2020-02-14 02:53:26] slim-app.INFO: /details [] {"uid":"6cec65c"}
[2020-02-14 02:57:06] slim-app.INFO: /details [] {"uid":"c7f63e4"}
[2020-02-14 03:07:14] slim-app.INFO: /details [] {"uid":"aab5708"}
[2020-02-14 03:15:40] slim-app.INFO: /details [] {"uid":"ed48124"}
[2020-02-14 03:17:14] slim-app.INFO: /details [] {"uid":"cccc6d7"}
[2020-02-14 03:23:48] slim-app.INFO: /details [] {"uid":"b1669a9"}
[2020-02-14 03:25:48] slim-app.INFO: /details [] {"uid":"ef6dc41"}
[2020-02-14 03:27:07] slim-app.INFO: /details [] {"uid":"9033c49"}
[2020-02-14 03:27:10] slim-app.INFO: /details [] {"uid":"e9aa261"}
[2020-02-14 03:27:12] slim-app.INFO: /details [] {"uid":"75b4b29"}
[2020-02-14 03:28:06] slim-app.INFO: /details [] {"uid":"6801e8b"}
[2020-02-14 03:28:09] slim-app.INFO: /details [] {"uid":"53a5563"}
[2020-02-14 03:28:11] slim-app.INFO: /details [] {"uid":"bb475b2"}
[2020-02-14 03:28:13] slim-app.INFO: /edit [] {"uid":"0f7397c"}
[2020-02-14 03:28:17] slim-app.INFO: /edit [] {"uid":"17d8de8"}
[2020-02-14 03:28:17] slim-app.INFO: /details [] {"uid":"5a0c7a6"}
[2020-02-14 03:28:30] slim-app.INFO: /details [] {"uid":"b041774"}
[2020-02-14 03:28:36] slim-app.INFO: /details [] {"uid":"ff8666d"}
[2020-02-14 03:54:55] slim-app.INFO: /details [] {"uid":"1fcd4f8"}
[2020-02-14 03:55:22] slim-app.INFO: /details [] {"uid":"9099b58"}
[2020-02-14 03:55:32] slim-app.INFO: /details [] {"uid":"162e984"}
[2020-02-14 04:08:29] slim-app.INFO: /details [] {"uid":"a6aa1fb"}
[2020-02-14 04:09:14] slim-app.INFO: /details [] {"uid":"9282ec1"}
[2020-02-14 04:09:22] slim-app.INFO: /details [] {"uid":"68446dd"}
[2020-02-14 04:09:50] slim-app.INFO: /details [] {"uid":"3ca3204"}
[2020-02-14 04:10:04] slim-app.INFO: /details [] {"uid":"9819319"}
[2020-02-14 04:13:59] slim-app.INFO: /details [] {"uid":"357405c"}
[2020-02-14 04:14:06] slim-app.INFO: /details [] {"uid":"55ec703"}
[2020-02-14 04:14:38] slim-app.INFO: /details [] {"uid":"06f0480"}
[2020-02-14 04:14:49] slim-app.INFO: /details [] {"uid":"d557cb3"}
[2020-02-14 04:18:30] slim-app.INFO: /details [] {"uid":"5e90517"}
[2020-02-14 04:18:32] slim-app.INFO: /details [] {"uid":"bac9aab"}
[2020-02-14 04:18:32] slim-app.INFO: /details [] {"uid":"bb91191"}
[2020-02-14 04:18:33] slim-app.INFO: /details [] {"uid":"7000f27"}
[2020-02-14 04:18:33] slim-app.INFO: /details [] {"uid":"2535ec6"}
[2020-02-14 04:18:34] slim-app.INFO: /details [] {"uid":"abe8092"}
[2020-02-14 04:18:34] slim-app.INFO: /details [] {"uid":"9230111"}
[2020-02-14 04:18:35] slim-app.INFO: /details [] {"uid":"a5fee52"}
[2020-02-14 04:18:37] slim-app.INFO: /details [] {"uid":"1cfa860"}
[2020-02-14 04:21:15] slim-app.INFO: /details [] {"uid":"2807a53"}
[2020-02-14 04:21:26] slim-app.INFO: /details [] {"uid":"a56dc7e"}
[2020-02-14 04:22:53] slim-app.INFO: /details [] {"uid":"f492bdf"}
[2020-02-14 04:22:55] slim-app.INFO: /details [] {"uid":"136f3f2"}
[2020-02-14 04:24:08] slim-app.INFO: /details [] {"uid":"f61039a"}
[2020-02-14 04:29:02] slim-app.INFO: /details [] {"uid":"2f28693"}
[2020-02-14 04:29:18] slim-app.INFO: /details [] {"uid":"ea37c46"}
[2020-02-14 04:34:26] slim-app.INFO: /details [] {"uid":"3c99629"}
[2020-02-14 04:37:47] slim-app.INFO: /edit [] {"uid":"dcd67c5"}
[2020-02-14 04:37:55] slim-app.INFO: /edit [] {"uid":"e706093"}
[2020-02-14 04:37:55] slim-app.INFO: /details [] {"uid":"841953f"}
[2020-02-14 04:39:09] slim-app.INFO: /details [] {"uid":"6685fd7"}
[2020-02-14 04:39:17] slim-app.INFO: /details [] {"uid":"68fa8e9"}
[2020-02-14 04:40:30] slim-app.INFO: /details [] {"uid":"9291a1d"}
[2020-02-14 04:40:32] slim-app.INFO: /details [] {"uid":"dee387b"}
[2020-02-14 04:45:52] slim-app.INFO: /details [] {"uid":"66c7005"}
[2020-02-14 04:47:02] slim-app.INFO: /details [] {"uid":"f5a39e3"}
[2020-02-14 04:49:58] slim-app.INFO: /details [] {"uid":"a6ecdde"}
[2020-02-14 04:51:10] slim-app.INFO: /details [] {"uid":"31e6763"}
[2020-02-14 04:51:14] slim-app.INFO: /details [] {"uid":"3459b5c"}
[2020-02-14 04:51:19] slim-app.INFO: /details [] {"uid":"b9efb3e"}
[2020-02-14 04:51:36] slim-app.INFO: /details [] {"uid":"7bc6d65"}
[2020-02-14 04:55:56] slim-app.INFO: /details [] {"uid":"d46ca85"}
